!SESSION 2025-12-15 20:32:46.550 -----------------------------------------------
eclipse.buildId=1.10.2
java.version=17.0.4.1
java.vendor=Eclipse Adoptium
BootLoader constants: OS=win32, ARCH=x86_64, WS=win32, NL=zh_CN
Framework arguments:  -perspective com.infineon.aurix.buildmanager.perspective.c
Command-line arguments:  -os win32 -ws win32 -arch x86_64 -perspective com.infineon.aurix.buildmanager.perspective.c

This is a continuation of log file D:\TC264_p\TC264_CAR\.metadata\.bak_0.log
Created Time: 2025-12-15 20:54:41.102

!ENTRY com.infineon.aurix.buildsystem.oneeye 2 0 2025-12-15 20:54:41.103
!MESSAGE OneEye program D:\Aurix\2.56.0.202303101530\startOneEye.batdoesn't exist, or is not executable

!ENTRY com.infineon.aurix.buildsystem.oneeye 2 0 2025-12-15 20:54:41.919
!MESSAGE OneEye program D:\Aurix\2.56.0.202303101530\startOneEye.batdoesn't exist, or is not executable

!ENTRY com.infineon.aurix.buildsystem.oneeye 2 0 2025-12-15 20:54:42.124
!MESSAGE OneEye program D:\Aurix\2.56.0.202303101530\startOneEye.batdoesn't exist, or is not executable

!ENTRY com.infineon.aurix.buildsystem.oneeye 2 0 2025-12-15 20:54:42.667
!MESSAGE OneEye program D:\Aurix\2.56.0.202303101530\startOneEye.batdoesn't exist, or is not executable

!ENTRY com.infineon.aurix.buildsystem.oneeye 2 0 2025-12-15 20:54:42.862
!MESSAGE OneEye program D:\Aurix\2.56.0.202303101530\startOneEye.batdoesn't exist, or is not executable

!ENTRY com.infineon.aurix.buildsystem.oneeye 2 0 2025-12-15 20:54:45.394
!MESSAGE OneEye program D:\Aurix\2.56.0.202303101530\startOneEye.batdoesn't exist, or is not executable

!ENTRY com.infineon.aurix.buildsystem.oneeye 2 0 2025-12-15 20:54:45.535
!MESSAGE OneEye program D:\Aurix\2.56.0.202303101530\startOneEye.batdoesn't exist, or is not executable

!ENTRY com.infineon.aurix.buildsystem.oneeye 2 0 2025-12-15 20:54:46.851
!MESSAGE OneEye program D:\Aurix\2.56.0.202303101530\startOneEye.batdoesn't exist, or is not executable

!ENTRY com.infineon.aurix.buildsystem.oneeye 2 0 2025-12-15 20:54:48.018
!MESSAGE OneEye program D:\Aurix\2.56.0.202303101530\startOneEye.batdoesn't exist, or is not executable

!ENTRY com.infineon.aurix.buildsystem.oneeye 2 0 2025-12-15 20:54:51.268
!MESSAGE OneEye program D:\Aurix\2.56.0.202303101530\startOneEye.batdoesn't exist, or is not executable

!ENTRY com.infineon.aurix.buildsystem.oneeye 2 0 2025-12-15 20:54:55.065
!MESSAGE OneEye program D:\Aurix\2.56.0.202303101530\startOneEye.batdoesn't exist, or is not executable

!ENTRY com.infineon.aurix.buildsystem.oneeye 2 0 2025-12-15 20:54:55.823
!MESSAGE OneEye program D:\Aurix\2.56.0.202303101530\startOneEye.batdoesn't exist, or is not executable

!ENTRY com.infineon.aurix.buildsystem.oneeye 2 0 2025-12-15 20:54:56.507
!MESSAGE OneEye program D:\Aurix\2.56.0.202303101530\startOneEye.batdoesn't exist, or is not executable

!ENTRY com.infineon.aurix.buildsystem.oneeye 2 0 2025-12-15 20:55:00.610
!MESSAGE OneEye program D:\Aurix\2.56.0.202303101530\startOneEye.batdoesn't exist, or is not executable

!ENTRY com.infineon.aurix.buildsystem.oneeye 2 0 2025-12-15 20:55:01.180
!MESSAGE OneEye program D:\Aurix\2.56.0.202303101530\startOneEye.batdoesn't exist, or is not executable

!ENTRY com.infineon.aurix.buildsystem.oneeye 2 0 2025-12-15 20:55:01.662
!MESSAGE OneEye program D:\Aurix\2.56.0.202303101530\startOneEye.batdoesn't exist, or is not executable

!ENTRY com.infineon.aurix.buildsystem.oneeye 2 0 2025-12-15 20:55:05.090
!MESSAGE OneEye program D:\Aurix\2.56.0.202303101530\startOneEye.batdoesn't exist, or is not executable

!ENTRY com.infineon.aurix.buildsystem.oneeye 2 0 2025-12-15 20:55:05.276
!MESSAGE OneEye program D:\Aurix\2.56.0.202303101530\startOneEye.batdoesn't exist, or is not executable

!ENTRY com.infineon.aurix.buildsystem.oneeye 2 0 2025-12-15 20:56:05.621
!MESSAGE OneEye program D:\Aurix\2.56.0.202303101530\startOneEye.batdoesn't exist, or is not executable

!ENTRY com.infineon.aurix.buildsystem.oneeye 2 0 2025-12-15 20:56:07.266
!MESSAGE OneEye program D:\Aurix\2.56.0.202303101530\startOneEye.batdoesn't exist, or is not executable

!ENTRY com.infineon.aurix.buildsystem.oneeye 2 0 2025-12-15 20:56:07.765
!MESSAGE OneEye program D:\Aurix\2.56.0.202303101530\startOneEye.batdoesn't exist, or is not executable

!ENTRY com.infineon.aurix.buildsystem.oneeye 2 0 2025-12-15 20:56:08.324
!MESSAGE OneEye program D:\Aurix\2.56.0.202303101530\startOneEye.batdoesn't exist, or is not executable

!ENTRY com.infineon.aurix.buildsystem.oneeye 2 0 2025-12-15 20:56:08.874
!MESSAGE OneEye program D:\Aurix\2.56.0.202303101530\startOneEye.batdoesn't exist, or is not executable

!ENTRY com.infineon.aurix.buildsystem.oneeye 2 0 2025-12-15 20:56:11.185
!MESSAGE OneEye program D:\Aurix\2.56.0.202303101530\startOneEye.batdoesn't exist, or is not executable

!ENTRY com.infineon.aurix.buildsystem.oneeye 2 0 2025-12-15 20:56:11.786
!MESSAGE OneEye program D:\Aurix\2.56.0.202303101530\startOneEye.batdoesn't exist, or is not executable

!ENTRY com.infineon.aurix.buildsystem.oneeye 2 0 2025-12-15 20:56:14.183
!MESSAGE OneEye program D:\Aurix\2.56.0.202303101530\startOneEye.batdoesn't exist, or is not executable

!ENTRY com.infineon.aurix.buildsystem.oneeye 2 0 2025-12-15 20:56:15.163
!MESSAGE OneEye program D:\Aurix\2.56.0.202303101530\startOneEye.batdoesn't exist, or is not executable

!ENTRY com.infineon.aurix.buildsystem.oneeye 2 0 2025-12-15 20:56:23.476
!MESSAGE OneEye program D:\Aurix\2.56.0.202303101530\startOneEye.batdoesn't exist, or is not executable

!ENTRY com.infineon.aurix.buildsystem.oneeye 2 0 2025-12-15 20:56:28.982
!MESSAGE OneEye program D:\Aurix\2.56.0.202303101530\startOneEye.batdoesn't exist, or is not executable

!ENTRY com.infineon.aurix.buildsystem.oneeye 2 0 2025-12-15 21:04:23.614
!MESSAGE OneEye program D:\Aurix\2.56.0.202303101530\startOneEye.batdoesn't exist, or is not executable

!ENTRY com.infineon.aurix.buildsystem.oneeye 2 0 2025-12-15 21:04:24.725
!MESSAGE OneEye program D:\Aurix\2.56.0.202303101530\startOneEye.batdoesn't exist, or is not executable

!ENTRY com.infineon.aurix.buildsystem.oneeye 2 0 2025-12-15 21:04:25.668
!MESSAGE OneEye program D:\Aurix\2.56.0.202303101530\startOneEye.batdoesn't exist, or is not executable

!ENTRY com.infineon.aurix.buildsystem.oneeye 2 0 2025-12-15 21:04:26.089
!MESSAGE OneEye program D:\Aurix\2.56.0.202303101530\startOneEye.batdoesn't exist, or is not executable

!ENTRY com.infineon.aurix.buildsystem.oneeye 2 0 2025-12-15 21:04:27.419
!MESSAGE OneEye program D:\Aurix\2.56.0.202303101530\startOneEye.batdoesn't exist, or is not executable

!ENTRY com.infineon.aurix.buildsystem.oneeye 2 0 2025-12-15 21:04:30.261
!MESSAGE OneEye program D:\Aurix\2.56.0.202303101530\startOneEye.batdoesn't exist, or is not executable

!ENTRY com.infineon.aurix.buildsystem.oneeye 2 0 2025-12-15 21:04:30.424
!MESSAGE OneEye program D:\Aurix\2.56.0.202303101530\startOneEye.batdoesn't exist, or is not executable

!ENTRY com.infineon.aurix.buildsystem.oneeye 2 0 2025-12-15 21:04:30.655
!MESSAGE OneEye program D:\Aurix\2.56.0.202303101530\startOneEye.batdoesn't exist, or is not executable

!ENTRY com.infineon.aurix.buildsystem.oneeye 2 0 2025-12-15 21:04:32.060
!MESSAGE OneEye program D:\Aurix\2.56.0.202303101530\startOneEye.batdoesn't exist, or is not executable

!ENTRY com.infineon.aurix.buildsystem.oneeye 2 0 2025-12-15 21:04:32.401
!MESSAGE OneEye program D:\Aurix\2.56.0.202303101530\startOneEye.batdoesn't exist, or is not executable

!ENTRY com.infineon.aurix.buildsystem.oneeye 2 0 2025-12-15 21:04:32.618
!MESSAGE OneEye program D:\Aurix\2.56.0.202303101530\startOneEye.batdoesn't exist, or is not executable

!ENTRY com.infineon.aurix.buildsystem.oneeye 2 0 2025-12-15 21:04:32.886
!MESSAGE OneEye program D:\Aurix\2.56.0.202303101530\startOneEye.batdoesn't exist, or is not executable

!ENTRY com.infineon.aurix.buildsystem.notification 4 0 2025-12-15 21:04:35.267
!MESSAGE PKIX path building failed: sun.security.provider.certpath.SunCertPathBuilderException: unable to find valid certification path to requested target
!STACK 0
javax.net.ssl.SSLHandshakeException: PKIX path building failed: sun.security.provider.certpath.SunCertPathBuilderException: unable to find valid certification path to requested target
	at java.base/sun.security.ssl.Alert.createSSLException(Alert.java:131)
	at java.base/sun.security.ssl.TransportContext.fatal(TransportContext.java:371)
	at java.base/sun.security.ssl.TransportContext.fatal(TransportContext.java:314)
	at java.base/sun.security.ssl.TransportContext.fatal(TransportContext.java:309)
	at java.base/sun.security.ssl.CertificateMessage$T13CertificateConsumer.checkServerCerts(CertificateMessage.java:1357)
	at java.base/sun.security.ssl.CertificateMessage$T13CertificateConsumer.onConsumeCertificate(CertificateMessage.java:1232)
	at java.base/sun.security.ssl.CertificateMessage$T13CertificateConsumer.consume(CertificateMessage.java:1175)
	at java.base/sun.security.ssl.SSLHandshake.consume(SSLHandshake.java:396)
	at java.base/sun.security.ssl.HandshakeContext.dispatch(HandshakeContext.java:480)
	at java.base/sun.security.ssl.HandshakeContext.dispatch(HandshakeContext.java:458)
	at java.base/sun.security.ssl.TransportContext.dispatch(TransportContext.java:201)
	at java.base/sun.security.ssl.SSLTransport.decode(SSLTransport.java:172)
	at java.base/sun.security.ssl.SSLSocketImpl.decode(SSLSocketImpl.java:1505)
	at java.base/sun.security.ssl.SSLSocketImpl.readHandshakeRecord(SSLSocketImpl.java:1420)
	at java.base/sun.security.ssl.SSLSocketImpl.startHandshake(SSLSocketImpl.java:455)
	at java.base/sun.security.ssl.SSLSocketImpl.startHandshake(SSLSocketImpl.java:426)
	at java.base/sun.net.www.protocol.https.HttpsClient.afterConnect(HttpsClient.java:580)
	at java.base/sun.net.www.protocol.https.AbstractDelegateHttpsURLConnection.connect(AbstractDelegateHttpsURLConnection.java:187)
	at java.base/sun.net.www.protocol.https.HttpsURLConnectionImpl.connect(HttpsURLConnectionImpl.java:142)
	at com.google.api.client.http.javanet.NetHttpRequest.execute(NetHttpRequest.java:148)
	at com.google.api.client.http.javanet.NetHttpRequest.execute(NetHttpRequest.java:84)
	at com.google.api.client.http.HttpRequest.execute(HttpRequest.java:1012)
	at com.infineon.aurix.buildsystem.notification.NotificationService$NotificationGetJob.run(NotificationService.java:205)
	at org.eclipse.core.internal.jobs.Worker.run(Worker.java:63)
Caused by: sun.security.validator.ValidatorException: PKIX path building failed: sun.security.provider.certpath.SunCertPathBuilderException: unable to find valid certification path to requested target
	at java.base/sun.security.validator.PKIXValidator.doBuild(PKIXValidator.java:439)
	at java.base/sun.security.validator.PKIXValidator.engineValidate(PKIXValidator.java:306)
	at java.base/sun.security.validator.Validator.validate(Validator.java:264)
	at java.base/sun.security.ssl.X509TrustManagerImpl.checkTrusted(X509TrustManagerImpl.java:231)
	at java.base/sun.security.ssl.X509TrustManagerImpl.checkServerTrusted(X509TrustManagerImpl.java:132)
	at java.base/sun.security.ssl.CertificateMessage$T13CertificateConsumer.checkServerCerts(CertificateMessage.java:1341)
	... 19 more
Caused by: sun.security.provider.certpath.SunCertPathBuilderException: unable to find valid certification path to requested target
	at java.base/sun.security.provider.certpath.SunCertPathBuilder.build(SunCertPathBuilder.java:141)
	at java.base/sun.security.provider.certpath.SunCertPathBuilder.engineBuild(SunCertPathBuilder.java:126)
	at java.base/java.security.cert.CertPathBuilder.build(CertPathBuilder.java:297)
	at java.base/sun.security.validator.PKIXValidator.doBuild(PKIXValidator.java:434)
	... 24 more

!ENTRY com.infineon.aurix.buildsystem 1 0 2025-12-15 21:04:36.682
!MESSAGE Boosting configuration Debug of project E8_13_mt9v03x_ips114_display_demo boosted in 1917 milliseconds. (incremental boost)

!ENTRY com.infineon.aurix.buildsystem 1 0 2025-12-15 21:04:36.739
!MESSAGE Include paths were discovered in 54 milliseconds.

!ENTRY com.infineon.aurix.buildsystem.analytics 4 0 2025-12-15 21:04:39.720
!MESSAGE PKIX path building failed: sun.security.provider.certpath.SunCertPathBuilderException: unable to find valid certification path to requested target
!STACK 0
javax.net.ssl.SSLHandshakeException: PKIX path building failed: sun.security.provider.certpath.SunCertPathBuilderException: unable to find valid certification path to requested target
	at java.base/sun.security.ssl.Alert.createSSLException(Alert.java:131)
	at java.base/sun.security.ssl.TransportContext.fatal(TransportContext.java:371)
	at java.base/sun.security.ssl.TransportContext.fatal(TransportContext.java:314)
	at java.base/sun.security.ssl.TransportContext.fatal(TransportContext.java:309)
	at java.base/sun.security.ssl.CertificateMessage$T13CertificateConsumer.checkServerCerts(CertificateMessage.java:1357)
	at java.base/sun.security.ssl.CertificateMessage$T13CertificateConsumer.onConsumeCertificate(CertificateMessage.java:1232)
	at java.base/sun.security.ssl.CertificateMessage$T13CertificateConsumer.consume(CertificateMessage.java:1175)
	at java.base/sun.security.ssl.SSLHandshake.consume(SSLHandshake.java:396)
	at java.base/sun.security.ssl.HandshakeContext.dispatch(HandshakeContext.java:480)
	at java.base/sun.security.ssl.HandshakeContext.dispatch(HandshakeContext.java:458)
	at java.base/sun.security.ssl.TransportContext.dispatch(TransportContext.java:201)
	at java.base/sun.security.ssl.SSLTransport.decode(SSLTransport.java:172)
	at java.base/sun.security.ssl.SSLSocketImpl.decode(SSLSocketImpl.java:1505)
	at java.base/sun.security.ssl.SSLSocketImpl.readHandshakeRecord(SSLSocketImpl.java:1420)
	at java.base/sun.security.ssl.SSLSocketImpl.startHandshake(SSLSocketImpl.java:455)
	at java.base/sun.security.ssl.SSLSocketImpl.startHandshake(SSLSocketImpl.java:426)
	at java.base/sun.net.www.protocol.https.HttpsClient.afterConnect(HttpsClient.java:580)
	at java.base/sun.net.www.protocol.https.AbstractDelegateHttpsURLConnection.connect(AbstractDelegateHttpsURLConnection.java:187)
	at java.base/sun.net.www.protocol.http.HttpURLConnection.getOutputStream0(HttpURLConnection.java:1430)
	at java.base/sun.net.www.protocol.http.HttpURLConnection.getOutputStream(HttpURLConnection.java:1401)
	at java.base/sun.net.www.protocol.https.HttpsURLConnectionImpl.getOutputStream(HttpsURLConnectionImpl.java:220)
	at com.google.api.client.http.javanet.NetHttpRequest.execute(NetHttpRequest.java:113)
	at com.google.api.client.http.javanet.NetHttpRequest.execute(NetHttpRequest.java:84)
	at com.google.api.client.http.HttpRequest.execute(HttpRequest.java:1012)
	at com.infineon.aurix.buildsystem.analytics.AnalyticsService$AnalyticsSubmitJob.run(AnalyticsService.java:193)
	at org.eclipse.core.internal.jobs.Worker.run(Worker.java:63)
Caused by: sun.security.validator.ValidatorException: PKIX path building failed: sun.security.provider.certpath.SunCertPathBuilderException: unable to find valid certification path to requested target
	at java.base/sun.security.validator.PKIXValidator.doBuild(PKIXValidator.java:439)
	at java.base/sun.security.validator.PKIXValidator.engineValidate(PKIXValidator.java:306)
	at java.base/sun.security.validator.Validator.validate(Validator.java:264)
	at java.base/sun.security.ssl.X509TrustManagerImpl.checkTrusted(X509TrustManagerImpl.java:231)
	at java.base/sun.security.ssl.X509TrustManagerImpl.checkServerTrusted(X509TrustManagerImpl.java:132)
	at java.base/sun.security.ssl.CertificateMessage$T13CertificateConsumer.checkServerCerts(CertificateMessage.java:1341)
	... 21 more
Caused by: sun.security.provider.certpath.SunCertPathBuilderException: unable to find valid certification path to requested target
	at java.base/sun.security.provider.certpath.SunCertPathBuilder.build(SunCertPathBuilder.java:141)
	at java.base/sun.security.provider.certpath.SunCertPathBuilder.engineBuild(SunCertPathBuilder.java:126)
	at java.base/java.security.cert.CertPathBuilder.build(CertPathBuilder.java:297)
	at java.base/sun.security.validator.PKIXValidator.doBuild(PKIXValidator.java:434)
	... 26 more

!ENTRY com.infineon.aurix.buildsystem 1 0 2025-12-15 21:04:53.162
!MESSAGE Boosting configuration Debug of project E8_13_mt9v03x_ips114_display_demo boosted in 433 milliseconds. (incremental boost)

!ENTRY com.infineon.aurix.buildsystem 1 0 2025-12-15 21:04:53.216
!MESSAGE Include paths were discovered in 52 milliseconds.

!ENTRY com.infineon.aurix.buildsystem.notification 4 0 2025-12-15 21:04:53.243
!MESSAGE PKIX path building failed: sun.security.provider.certpath.SunCertPathBuilderException: unable to find valid certification path to requested target
!STACK 0
javax.net.ssl.SSLHandshakeException: PKIX path building failed: sun.security.provider.certpath.SunCertPathBuilderException: unable to find valid certification path to requested target
	at java.base/sun.security.ssl.Alert.createSSLException(Alert.java:131)
	at java.base/sun.security.ssl.TransportContext.fatal(TransportContext.java:371)
	at java.base/sun.security.ssl.TransportContext.fatal(TransportContext.java:314)
	at java.base/sun.security.ssl.TransportContext.fatal(TransportContext.java:309)
	at java.base/sun.security.ssl.CertificateMessage$T13CertificateConsumer.checkServerCerts(CertificateMessage.java:1357)
	at java.base/sun.security.ssl.CertificateMessage$T13CertificateConsumer.onConsumeCertificate(CertificateMessage.java:1232)
	at java.base/sun.security.ssl.CertificateMessage$T13CertificateConsumer.consume(CertificateMessage.java:1175)
	at java.base/sun.security.ssl.SSLHandshake.consume(SSLHandshake.java:396)
	at java.base/sun.security.ssl.HandshakeContext.dispatch(HandshakeContext.java:480)
	at java.base/sun.security.ssl.HandshakeContext.dispatch(HandshakeContext.java:458)
	at java.base/sun.security.ssl.TransportContext.dispatch(TransportContext.java:201)
	at java.base/sun.security.ssl.SSLTransport.decode(SSLTransport.java:172)
	at java.base/sun.security.ssl.SSLSocketImpl.decode(SSLSocketImpl.java:1505)
	at java.base/sun.security.ssl.SSLSocketImpl.readHandshakeRecord(SSLSocketImpl.java:1420)
	at java.base/sun.security.ssl.SSLSocketImpl.startHandshake(SSLSocketImpl.java:455)
	at java.base/sun.security.ssl.SSLSocketImpl.startHandshake(SSLSocketImpl.java:426)
	at java.base/sun.net.www.protocol.https.HttpsClient.afterConnect(HttpsClient.java:580)
	at java.base/sun.net.www.protocol.https.AbstractDelegateHttpsURLConnection.connect(AbstractDelegateHttpsURLConnection.java:187)
	at java.base/sun.net.www.protocol.https.HttpsURLConnectionImpl.connect(HttpsURLConnectionImpl.java:142)
	at com.google.api.client.http.javanet.NetHttpRequest.execute(NetHttpRequest.java:148)
	at com.google.api.client.http.javanet.NetHttpRequest.execute(NetHttpRequest.java:84)
	at com.google.api.client.http.HttpRequest.execute(HttpRequest.java:1012)
	at com.infineon.aurix.buildsystem.notification.NotificationService$NotificationGetJob.run(NotificationService.java:205)
	at org.eclipse.core.internal.jobs.Worker.run(Worker.java:63)
Caused by: sun.security.validator.ValidatorException: PKIX path building failed: sun.security.provider.certpath.SunCertPathBuilderException: unable to find valid certification path to requested target
	at java.base/sun.security.validator.PKIXValidator.doBuild(PKIXValidator.java:439)
	at java.base/sun.security.validator.PKIXValidator.engineValidate(PKIXValidator.java:306)
	at java.base/sun.security.validator.Validator.validate(Validator.java:264)
	at java.base/sun.security.ssl.X509TrustManagerImpl.checkTrusted(X509TrustManagerImpl.java:231)
	at java.base/sun.security.ssl.X509TrustManagerImpl.checkServerTrusted(X509TrustManagerImpl.java:132)
	at java.base/sun.security.ssl.CertificateMessage$T13CertificateConsumer.checkServerCerts(CertificateMessage.java:1341)
	... 19 more
Caused by: sun.security.provider.certpath.SunCertPathBuilderException: unable to find valid certification path to requested target
	at java.base/sun.security.provider.certpath.SunCertPathBuilder.build(SunCertPathBuilder.java:141)
	at java.base/sun.security.provider.certpath.SunCertPathBuilder.engineBuild(SunCertPathBuilder.java:126)
	at java.base/java.security.cert.CertPathBuilder.build(CertPathBuilder.java:297)
	at java.base/sun.security.validator.PKIXValidator.doBuild(PKIXValidator.java:434)
	... 24 more

!ENTRY com.infineon.aurix.buildsystem.analytics 4 0 2025-12-15 21:04:55.652
!MESSAGE PKIX path building failed: sun.security.provider.certpath.SunCertPathBuilderException: unable to find valid certification path to requested target
!STACK 0
javax.net.ssl.SSLHandshakeException: PKIX path building failed: sun.security.provider.certpath.SunCertPathBuilderException: unable to find valid certification path to requested target
	at java.base/sun.security.ssl.Alert.createSSLException(Alert.java:131)
	at java.base/sun.security.ssl.TransportContext.fatal(TransportContext.java:371)
	at java.base/sun.security.ssl.TransportContext.fatal(TransportContext.java:314)
	at java.base/sun.security.ssl.TransportContext.fatal(TransportContext.java:309)
	at java.base/sun.security.ssl.CertificateMessage$T13CertificateConsumer.checkServerCerts(CertificateMessage.java:1357)
	at java.base/sun.security.ssl.CertificateMessage$T13CertificateConsumer.onConsumeCertificate(CertificateMessage.java:1232)
	at java.base/sun.security.ssl.CertificateMessage$T13CertificateConsumer.consume(CertificateMessage.java:1175)
	at java.base/sun.security.ssl.SSLHandshake.consume(SSLHandshake.java:396)
	at java.base/sun.security.ssl.HandshakeContext.dispatch(HandshakeContext.java:480)
	at java.base/sun.security.ssl.HandshakeContext.dispatch(HandshakeContext.java:458)
	at java.base/sun.security.ssl.TransportContext.dispatch(TransportContext.java:201)
	at java.base/sun.security.ssl.SSLTransport.decode(SSLTransport.java:172)
	at java.base/sun.security.ssl.SSLSocketImpl.decode(SSLSocketImpl.java:1505)
	at java.base/sun.security.ssl.SSLSocketImpl.readHandshakeRecord(SSLSocketImpl.java:1420)
	at java.base/sun.security.ssl.SSLSocketImpl.startHandshake(SSLSocketImpl.java:455)
	at java.base/sun.security.ssl.SSLSocketImpl.startHandshake(SSLSocketImpl.java:426)
	at java.base/sun.net.www.protocol.https.HttpsClient.afterConnect(HttpsClient.java:580)
	at java.base/sun.net.www.protocol.https.AbstractDelegateHttpsURLConnection.connect(AbstractDelegateHttpsURLConnection.java:187)
	at java.base/sun.net.www.protocol.http.HttpURLConnection.getOutputStream0(HttpURLConnection.java:1430)
	at java.base/sun.net.www.protocol.http.HttpURLConnection.getOutputStream(HttpURLConnection.java:1401)
	at java.base/sun.net.www.protocol.https.HttpsURLConnectionImpl.getOutputStream(HttpsURLConnectionImpl.java:220)
	at com.google.api.client.http.javanet.NetHttpRequest.execute(NetHttpRequest.java:113)
	at com.google.api.client.http.javanet.NetHttpRequest.execute(NetHttpRequest.java:84)
	at com.google.api.client.http.HttpRequest.execute(HttpRequest.java:1012)
	at com.infineon.aurix.buildsystem.analytics.AnalyticsService$AnalyticsSubmitJob.run(AnalyticsService.java:193)
	at org.eclipse.core.internal.jobs.Worker.run(Worker.java:63)
Caused by: sun.security.validator.ValidatorException: PKIX path building failed: sun.security.provider.certpath.SunCertPathBuilderException: unable to find valid certification path to requested target
	at java.base/sun.security.validator.PKIXValidator.doBuild(PKIXValidator.java:439)
	at java.base/sun.security.validator.PKIXValidator.engineValidate(PKIXValidator.java:306)
	at java.base/sun.security.validator.Validator.validate(Validator.java:264)
	at java.base/sun.security.ssl.X509TrustManagerImpl.checkTrusted(X509TrustManagerImpl.java:231)
	at java.base/sun.security.ssl.X509TrustManagerImpl.checkServerTrusted(X509TrustManagerImpl.java:132)
	at java.base/sun.security.ssl.CertificateMessage$T13CertificateConsumer.checkServerCerts(CertificateMessage.java:1341)
	... 21 more
Caused by: sun.security.provider.certpath.SunCertPathBuilderException: unable to find valid certification path to requested target
	at java.base/sun.security.provider.certpath.SunCertPathBuilder.build(SunCertPathBuilder.java:141)
	at java.base/sun.security.provider.certpath.SunCertPathBuilder.engineBuild(SunCertPathBuilder.java:126)
	at java.base/java.security.cert.CertPathBuilder.build(CertPathBuilder.java:297)
	at java.base/sun.security.validator.PKIXValidator.doBuild(PKIXValidator.java:434)
	... 26 more

!ENTRY com.infineon.aurix.buildsystem.notification 4 0 2025-12-15 21:04:59.675
!MESSAGE PKIX path building failed: sun.security.provider.certpath.SunCertPathBuilderException: unable to find valid certification path to requested target
!STACK 0
javax.net.ssl.SSLHandshakeException: PKIX path building failed: sun.security.provider.certpath.SunCertPathBuilderException: unable to find valid certification path to requested target
	at java.base/sun.security.ssl.Alert.createSSLException(Alert.java:131)
	at java.base/sun.security.ssl.TransportContext.fatal(TransportContext.java:371)
	at java.base/sun.security.ssl.TransportContext.fatal(TransportContext.java:314)
	at java.base/sun.security.ssl.TransportContext.fatal(TransportContext.java:309)
	at java.base/sun.security.ssl.CertificateMessage$T13CertificateConsumer.checkServerCerts(CertificateMessage.java:1357)
	at java.base/sun.security.ssl.CertificateMessage$T13CertificateConsumer.onConsumeCertificate(CertificateMessage.java:1232)
	at java.base/sun.security.ssl.CertificateMessage$T13CertificateConsumer.consume(CertificateMessage.java:1175)
	at java.base/sun.security.ssl.SSLHandshake.consume(SSLHandshake.java:396)
	at java.base/sun.security.ssl.HandshakeContext.dispatch(HandshakeContext.java:480)
	at java.base/sun.security.ssl.HandshakeContext.dispatch(HandshakeContext.java:458)
	at java.base/sun.security.ssl.TransportContext.dispatch(TransportContext.java:201)
	at java.base/sun.security.ssl.SSLTransport.decode(SSLTransport.java:172)
	at java.base/sun.security.ssl.SSLSocketImpl.decode(SSLSocketImpl.java:1505)
	at java.base/sun.security.ssl.SSLSocketImpl.readHandshakeRecord(SSLSocketImpl.java:1420)
	at java.base/sun.security.ssl.SSLSocketImpl.startHandshake(SSLSocketImpl.java:455)
	at java.base/sun.security.ssl.SSLSocketImpl.startHandshake(SSLSocketImpl.java:426)
	at java.base/sun.net.www.protocol.https.HttpsClient.afterConnect(HttpsClient.java:580)
	at java.base/sun.net.www.protocol.https.AbstractDelegateHttpsURLConnection.connect(AbstractDelegateHttpsURLConnection.java:187)
	at java.base/sun.net.www.protocol.https.HttpsURLConnectionImpl.connect(HttpsURLConnectionImpl.java:142)
	at com.google.api.client.http.javanet.NetHttpRequest.execute(NetHttpRequest.java:148)
	at com.google.api.client.http.javanet.NetHttpRequest.execute(NetHttpRequest.java:84)
	at com.google.api.client.http.HttpRequest.execute(HttpRequest.java:1012)
	at com.infineon.aurix.buildsystem.notification.NotificationService$NotificationGetJob.run(NotificationService.java:205)
	at org.eclipse.core.internal.jobs.Worker.run(Worker.java:63)
Caused by: sun.security.validator.ValidatorException: PKIX path building failed: sun.security.provider.certpath.SunCertPathBuilderException: unable to find valid certification path to requested target
	at java.base/sun.security.validator.PKIXValidator.doBuild(PKIXValidator.java:439)
	at java.base/sun.security.validator.PKIXValidator.engineValidate(PKIXValidator.java:306)
	at java.base/sun.security.validator.Validator.validate(Validator.java:264)
	at java.base/sun.security.ssl.X509TrustManagerImpl.checkTrusted(X509TrustManagerImpl.java:231)
	at java.base/sun.security.ssl.X509TrustManagerImpl.checkServerTrusted(X509TrustManagerImpl.java:132)
	at java.base/sun.security.ssl.CertificateMessage$T13CertificateConsumer.checkServerCerts(CertificateMessage.java:1341)
	... 19 more
Caused by: sun.security.provider.certpath.SunCertPathBuilderException: unable to find valid certification path to requested target
	at java.base/sun.security.provider.certpath.SunCertPathBuilder.build(SunCertPathBuilder.java:141)
	at java.base/sun.security.provider.certpath.SunCertPathBuilder.engineBuild(SunCertPathBuilder.java:126)
	at java.base/java.security.cert.CertPathBuilder.build(CertPathBuilder.java:297)
	at java.base/sun.security.validator.PKIXValidator.doBuild(PKIXValidator.java:434)
	... 24 more

!ENTRY com.infineon.aurix.buildsystem 1 0 2025-12-15 21:04:59.686
!MESSAGE Boosting configuration Debug of project E8_13_mt9v03x_ips114_display_demo boosted in 369 milliseconds. (incremental boost)

!ENTRY com.infineon.aurix.buildsystem 1 0 2025-12-15 21:04:59.728
!MESSAGE Include paths were discovered in 41 milliseconds.

!ENTRY com.infineon.aurix.buildsystem.analytics 4 0 2025-12-15 21:05:01.289
!MESSAGE PKIX path building failed: sun.security.provider.certpath.SunCertPathBuilderException: unable to find valid certification path to requested target
!STACK 0
javax.net.ssl.SSLHandshakeException: PKIX path building failed: sun.security.provider.certpath.SunCertPathBuilderException: unable to find valid certification path to requested target
	at java.base/sun.security.ssl.Alert.createSSLException(Alert.java:131)
	at java.base/sun.security.ssl.TransportContext.fatal(TransportContext.java:371)
	at java.base/sun.security.ssl.TransportContext.fatal(TransportContext.java:314)
	at java.base/sun.security.ssl.TransportContext.fatal(TransportContext.java:309)
	at java.base/sun.security.ssl.CertificateMessage$T13CertificateConsumer.checkServerCerts(CertificateMessage.java:1357)
	at java.base/sun.security.ssl.CertificateMessage$T13CertificateConsumer.onConsumeCertificate(CertificateMessage.java:1232)
	at java.base/sun.security.ssl.CertificateMessage$T13CertificateConsumer.consume(CertificateMessage.java:1175)
	at java.base/sun.security.ssl.SSLHandshake.consume(SSLHandshake.java:396)
	at java.base/sun.security.ssl.HandshakeContext.dispatch(HandshakeContext.java:480)
	at java.base/sun.security.ssl.HandshakeContext.dispatch(HandshakeContext.java:458)
	at java.base/sun.security.ssl.TransportContext.dispatch(TransportContext.java:201)
	at java.base/sun.security.ssl.SSLTransport.decode(SSLTransport.java:172)
	at java.base/sun.security.ssl.SSLSocketImpl.decode(SSLSocketImpl.java:1505)
	at java.base/sun.security.ssl.SSLSocketImpl.readHandshakeRecord(SSLSocketImpl.java:1420)
	at java.base/sun.security.ssl.SSLSocketImpl.startHandshake(SSLSocketImpl.java:455)
	at java.base/sun.security.ssl.SSLSocketImpl.startHandshake(SSLSocketImpl.java:426)
	at java.base/sun.net.www.protocol.https.HttpsClient.afterConnect(HttpsClient.java:580)
	at java.base/sun.net.www.protocol.https.AbstractDelegateHttpsURLConnection.connect(AbstractDelegateHttpsURLConnection.java:187)
	at java.base/sun.net.www.protocol.http.HttpURLConnection.getOutputStream0(HttpURLConnection.java:1430)
	at java.base/sun.net.www.protocol.http.HttpURLConnection.getOutputStream(HttpURLConnection.java:1401)
	at java.base/sun.net.www.protocol.https.HttpsURLConnectionImpl.getOutputStream(HttpsURLConnectionImpl.java:220)
	at com.google.api.client.http.javanet.NetHttpRequest.execute(NetHttpRequest.java:113)
	at com.google.api.client.http.javanet.NetHttpRequest.execute(NetHttpRequest.java:84)
	at com.google.api.client.http.HttpRequest.execute(HttpRequest.java:1012)
	at com.infineon.aurix.buildsystem.analytics.AnalyticsService$AnalyticsSubmitJob.run(AnalyticsService.java:193)
	at org.eclipse.core.internal.jobs.Worker.run(Worker.java:63)
Caused by: sun.security.validator.ValidatorException: PKIX path building failed: sun.security.provider.certpath.SunCertPathBuilderException: unable to find valid certification path to requested target
	at java.base/sun.security.validator.PKIXValidator.doBuild(PKIXValidator.java:439)
	at java.base/sun.security.validator.PKIXValidator.engineValidate(PKIXValidator.java:306)
	at java.base/sun.security.validator.Validator.validate(Validator.java:264)
	at java.base/sun.security.ssl.X509TrustManagerImpl.checkTrusted(X509TrustManagerImpl.java:231)
	at java.base/sun.security.ssl.X509TrustManagerImpl.checkServerTrusted(X509TrustManagerImpl.java:132)
	at java.base/sun.security.ssl.CertificateMessage$T13CertificateConsumer.checkServerCerts(CertificateMessage.java:1341)
	... 21 more
Caused by: sun.security.provider.certpath.SunCertPathBuilderException: unable to find valid certification path to requested target
	at java.base/sun.security.provider.certpath.SunCertPathBuilder.build(SunCertPathBuilder.java:141)
	at java.base/sun.security.provider.certpath.SunCertPathBuilder.engineBuild(SunCertPathBuilder.java:126)
	at java.base/java.security.cert.CertPathBuilder.build(CertPathBuilder.java:297)
	at java.base/sun.security.validator.PKIXValidator.doBuild(PKIXValidator.java:434)
	... 26 more

!ENTRY com.infineon.aurix.buildsystem 1 0 2025-12-15 21:05:42.815
!MESSAGE Boosting configuration Debug of project E8_13_mt9v03x_ips114_display_demo boosted in 299 milliseconds. (incremental boost)

!ENTRY com.infineon.aurix.buildsystem 1 0 2025-12-15 21:05:42.853
!MESSAGE Include paths were discovered in 35 milliseconds.

!ENTRY com.infineon.aurix.buildsystem.notification 4 0 2025-12-15 21:05:42.862
!MESSAGE PKIX path building failed: sun.security.provider.certpath.SunCertPathBuilderException: unable to find valid certification path to requested target
!STACK 0
javax.net.ssl.SSLHandshakeException: PKIX path building failed: sun.security.provider.certpath.SunCertPathBuilderException: unable to find valid certification path to requested target
	at java.base/sun.security.ssl.Alert.createSSLException(Alert.java:131)
	at java.base/sun.security.ssl.TransportContext.fatal(TransportContext.java:371)
	at java.base/sun.security.ssl.TransportContext.fatal(TransportContext.java:314)
	at java.base/sun.security.ssl.TransportContext.fatal(TransportContext.java:309)
	at java.base/sun.security.ssl.CertificateMessage$T13CertificateConsumer.checkServerCerts(CertificateMessage.java:1357)
	at java.base/sun.security.ssl.CertificateMessage$T13CertificateConsumer.onConsumeCertificate(CertificateMessage.java:1232)
	at java.base/sun.security.ssl.CertificateMessage$T13CertificateConsumer.consume(CertificateMessage.java:1175)
	at java.base/sun.security.ssl.SSLHandshake.consume(SSLHandshake.java:396)
	at java.base/sun.security.ssl.HandshakeContext.dispatch(HandshakeContext.java:480)
	at java.base/sun.security.ssl.HandshakeContext.dispatch(HandshakeContext.java:458)
	at java.base/sun.security.ssl.TransportContext.dispatch(TransportContext.java:201)
	at java.base/sun.security.ssl.SSLTransport.decode(SSLTransport.java:172)
	at java.base/sun.security.ssl.SSLSocketImpl.decode(SSLSocketImpl.java:1505)
	at java.base/sun.security.ssl.SSLSocketImpl.readHandshakeRecord(SSLSocketImpl.java:1420)
	at java.base/sun.security.ssl.SSLSocketImpl.startHandshake(SSLSocketImpl.java:455)
	at java.base/sun.security.ssl.SSLSocketImpl.startHandshake(SSLSocketImpl.java:426)
	at java.base/sun.net.www.protocol.https.HttpsClient.afterConnect(HttpsClient.java:580)
	at java.base/sun.net.www.protocol.https.AbstractDelegateHttpsURLConnection.connect(AbstractDelegateHttpsURLConnection.java:187)
	at java.base/sun.net.www.protocol.https.HttpsURLConnectionImpl.connect(HttpsURLConnectionImpl.java:142)
	at com.google.api.client.http.javanet.NetHttpRequest.execute(NetHttpRequest.java:148)
	at com.google.api.client.http.javanet.NetHttpRequest.execute(NetHttpRequest.java:84)
	at com.google.api.client.http.HttpRequest.execute(HttpRequest.java:1012)
	at com.infineon.aurix.buildsystem.notification.NotificationService$NotificationGetJob.run(NotificationService.java:205)
	at org.eclipse.core.internal.jobs.Worker.run(Worker.java:63)
Caused by: sun.security.validator.ValidatorException: PKIX path building failed: sun.security.provider.certpath.SunCertPathBuilderException: unable to find valid certification path to requested target
	at java.base/sun.security.validator.PKIXValidator.doBuild(PKIXValidator.java:439)
	at java.base/sun.security.validator.PKIXValidator.engineValidate(PKIXValidator.java:306)
	at java.base/sun.security.validator.Validator.validate(Validator.java:264)
	at java.base/sun.security.ssl.X509TrustManagerImpl.checkTrusted(X509TrustManagerImpl.java:231)
	at java.base/sun.security.ssl.X509TrustManagerImpl.checkServerTrusted(X509TrustManagerImpl.java:132)
	at java.base/sun.security.ssl.CertificateMessage$T13CertificateConsumer.checkServerCerts(CertificateMessage.java:1341)
	... 19 more
Caused by: sun.security.provider.certpath.SunCertPathBuilderException: unable to find valid certification path to requested target
	at java.base/sun.security.provider.certpath.SunCertPathBuilder.build(SunCertPathBuilder.java:141)
	at java.base/sun.security.provider.certpath.SunCertPathBuilder.engineBuild(SunCertPathBuilder.java:126)
	at java.base/java.security.cert.CertPathBuilder.build(CertPathBuilder.java:297)
	at java.base/sun.security.validator.PKIXValidator.doBuild(PKIXValidator.java:434)
	... 24 more

!ENTRY com.infineon.aurix.buildsystem.analytics 4 0 2025-12-15 21:05:47.165
!MESSAGE PKIX path building failed: sun.security.provider.certpath.SunCertPathBuilderException: unable to find valid certification path to requested target
!STACK 0
javax.net.ssl.SSLHandshakeException: PKIX path building failed: sun.security.provider.certpath.SunCertPathBuilderException: unable to find valid certification path to requested target
	at java.base/sun.security.ssl.Alert.createSSLException(Alert.java:131)
	at java.base/sun.security.ssl.TransportContext.fatal(TransportContext.java:371)
	at java.base/sun.security.ssl.TransportContext.fatal(TransportContext.java:314)
	at java.base/sun.security.ssl.TransportContext.fatal(TransportContext.java:309)
	at java.base/sun.security.ssl.CertificateMessage$T13CertificateConsumer.checkServerCerts(CertificateMessage.java:1357)
	at java.base/sun.security.ssl.CertificateMessage$T13CertificateConsumer.onConsumeCertificate(CertificateMessage.java:1232)
	at java.base/sun.security.ssl.CertificateMessage$T13CertificateConsumer.consume(CertificateMessage.java:1175)
	at java.base/sun.security.ssl.SSLHandshake.consume(SSLHandshake.java:396)
	at java.base/sun.security.ssl.HandshakeContext.dispatch(HandshakeContext.java:480)
	at java.base/sun.security.ssl.HandshakeContext.dispatch(HandshakeContext.java:458)
	at java.base/sun.security.ssl.TransportContext.dispatch(TransportContext.java:201)
	at java.base/sun.security.ssl.SSLTransport.decode(SSLTransport.java:172)
	at java.base/sun.security.ssl.SSLSocketImpl.decode(SSLSocketImpl.java:1505)
	at java.base/sun.security.ssl.SSLSocketImpl.readHandshakeRecord(SSLSocketImpl.java:1420)
	at java.base/sun.security.ssl.SSLSocketImpl.startHandshake(SSLSocketImpl.java:455)
	at java.base/sun.security.ssl.SSLSocketImpl.startHandshake(SSLSocketImpl.java:426)
	at java.base/sun.net.www.protocol.https.HttpsClient.afterConnect(HttpsClient.java:580)
	at java.base/sun.net.www.protocol.https.AbstractDelegateHttpsURLConnection.connect(AbstractDelegateHttpsURLConnection.java:187)
	at java.base/sun.net.www.protocol.http.HttpURLConnection.getOutputStream0(HttpURLConnection.java:1430)
	at java.base/sun.net.www.protocol.http.HttpURLConnection.getOutputStream(HttpURLConnection.java:1401)
	at java.base/sun.net.www.protocol.https.HttpsURLConnectionImpl.getOutputStream(HttpsURLConnectionImpl.java:220)
	at com.google.api.client.http.javanet.NetHttpRequest.execute(NetHttpRequest.java:113)
	at com.google.api.client.http.javanet.NetHttpRequest.execute(NetHttpRequest.java:84)
	at com.google.api.client.http.HttpRequest.execute(HttpRequest.java:1012)
	at com.infineon.aurix.buildsystem.analytics.AnalyticsService$AnalyticsSubmitJob.run(AnalyticsService.java:193)
	at org.eclipse.core.internal.jobs.Worker.run(Worker.java:63)
Caused by: sun.security.validator.ValidatorException: PKIX path building failed: sun.security.provider.certpath.SunCertPathBuilderException: unable to find valid certification path to requested target
	at java.base/sun.security.validator.PKIXValidator.doBuild(PKIXValidator.java:439)
	at java.base/sun.security.validator.PKIXValidator.engineValidate(PKIXValidator.java:306)
	at java.base/sun.security.validator.Validator.validate(Validator.java:264)
	at java.base/sun.security.ssl.X509TrustManagerImpl.checkTrusted(X509TrustManagerImpl.java:231)
	at java.base/sun.security.ssl.X509TrustManagerImpl.checkServerTrusted(X509TrustManagerImpl.java:132)
	at java.base/sun.security.ssl.CertificateMessage$T13CertificateConsumer.checkServerCerts(CertificateMessage.java:1341)
	... 21 more
Caused by: sun.security.provider.certpath.SunCertPathBuilderException: unable to find valid certification path to requested target
	at java.base/sun.security.provider.certpath.SunCertPathBuilder.build(SunCertPathBuilder.java:141)
	at java.base/sun.security.provider.certpath.SunCertPathBuilder.engineBuild(SunCertPathBuilder.java:126)
	at java.base/java.security.cert.CertPathBuilder.build(CertPathBuilder.java:297)
	at java.base/sun.security.validator.PKIXValidator.doBuild(PKIXValidator.java:434)
	... 26 more

!ENTRY com.infineon.aurix.buildsystem.notification 4 0 2025-12-15 21:05:48.894
!MESSAGE PKIX path building failed: sun.security.provider.certpath.SunCertPathBuilderException: unable to find valid certification path to requested target
!STACK 0
javax.net.ssl.SSLHandshakeException: PKIX path building failed: sun.security.provider.certpath.SunCertPathBuilderException: unable to find valid certification path to requested target
	at java.base/sun.security.ssl.Alert.createSSLException(Alert.java:131)
	at java.base/sun.security.ssl.TransportContext.fatal(TransportContext.java:371)
	at java.base/sun.security.ssl.TransportContext.fatal(TransportContext.java:314)
	at java.base/sun.security.ssl.TransportContext.fatal(TransportContext.java:309)
	at java.base/sun.security.ssl.CertificateMessage$T13CertificateConsumer.checkServerCerts(CertificateMessage.java:1357)
	at java.base/sun.security.ssl.CertificateMessage$T13CertificateConsumer.onConsumeCertificate(CertificateMessage.java:1232)
	at java.base/sun.security.ssl.CertificateMessage$T13CertificateConsumer.consume(CertificateMessage.java:1175)
	at java.base/sun.security.ssl.SSLHandshake.consume(SSLHandshake.java:396)
	at java.base/sun.security.ssl.HandshakeContext.dispatch(HandshakeContext.java:480)
	at java.base/sun.security.ssl.HandshakeContext.dispatch(HandshakeContext.java:458)
	at java.base/sun.security.ssl.TransportContext.dispatch(TransportContext.java:201)
	at java.base/sun.security.ssl.SSLTransport.decode(SSLTransport.java:172)
	at java.base/sun.security.ssl.SSLSocketImpl.decode(SSLSocketImpl.java:1505)
	at java.base/sun.security.ssl.SSLSocketImpl.readHandshakeRecord(SSLSocketImpl.java:1420)
	at java.base/sun.security.ssl.SSLSocketImpl.startHandshake(SSLSocketImpl.java:455)
	at java.base/sun.security.ssl.SSLSocketImpl.startHandshake(SSLSocketImpl.java:426)
	at java.base/sun.net.www.protocol.https.HttpsClient.afterConnect(HttpsClient.java:580)
	at java.base/sun.net.www.protocol.https.AbstractDelegateHttpsURLConnection.connect(AbstractDelegateHttpsURLConnection.java:187)
	at java.base/sun.net.www.protocol.https.HttpsURLConnectionImpl.connect(HttpsURLConnectionImpl.java:142)
	at com.google.api.client.http.javanet.NetHttpRequest.execute(NetHttpRequest.java:148)
	at com.google.api.client.http.javanet.NetHttpRequest.execute(NetHttpRequest.java:84)
	at com.google.api.client.http.HttpRequest.execute(HttpRequest.java:1012)
	at com.infineon.aurix.buildsystem.notification.NotificationService$NotificationGetJob.run(NotificationService.java:205)
	at org.eclipse.core.internal.jobs.Worker.run(Worker.java:63)
Caused by: sun.security.validator.ValidatorException: PKIX path building failed: sun.security.provider.certpath.SunCertPathBuilderException: unable to find valid certification path to requested target
	at java.base/sun.security.validator.PKIXValidator.doBuild(PKIXValidator.java:439)
	at java.base/sun.security.validator.PKIXValidator.engineValidate(PKIXValidator.java:306)
	at java.base/sun.security.validator.Validator.validate(Validator.java:264)
	at java.base/sun.security.ssl.X509TrustManagerImpl.checkTrusted(X509TrustManagerImpl.java:231)
	at java.base/sun.security.ssl.X509TrustManagerImpl.checkServerTrusted(X509TrustManagerImpl.java:132)
	at java.base/sun.security.ssl.CertificateMessage$T13CertificateConsumer.checkServerCerts(CertificateMessage.java:1341)
	... 19 more
Caused by: sun.security.provider.certpath.SunCertPathBuilderException: unable to find valid certification path to requested target
	at java.base/sun.security.provider.certpath.SunCertPathBuilder.build(SunCertPathBuilder.java:141)
	at java.base/sun.security.provider.certpath.SunCertPathBuilder.engineBuild(SunCertPathBuilder.java:126)
	at java.base/java.security.cert.CertPathBuilder.build(CertPathBuilder.java:297)
	at java.base/sun.security.validator.PKIXValidator.doBuild(PKIXValidator.java:434)
	... 24 more

!ENTRY com.infineon.aurix.buildsystem 1 0 2025-12-15 21:05:48.963
!MESSAGE Boosting configuration Debug of project E8_13_mt9v03x_ips114_display_demo boosted in 481 milliseconds. (incremental boost)

!ENTRY com.infineon.aurix.buildsystem 1 0 2025-12-15 21:05:49.029
!MESSAGE Include paths were discovered in 65 milliseconds.

!ENTRY com.infineon.aurix.buildsystem.analytics 4 0 2025-12-15 21:05:52.695
!MESSAGE PKIX path building failed: sun.security.provider.certpath.SunCertPathBuilderException: unable to find valid certification path to requested target
!STACK 0
javax.net.ssl.SSLHandshakeException: PKIX path building failed: sun.security.provider.certpath.SunCertPathBuilderException: unable to find valid certification path to requested target
	at java.base/sun.security.ssl.Alert.createSSLException(Alert.java:131)
	at java.base/sun.security.ssl.TransportContext.fatal(TransportContext.java:371)
	at java.base/sun.security.ssl.TransportContext.fatal(TransportContext.java:314)
	at java.base/sun.security.ssl.TransportContext.fatal(TransportContext.java:309)
	at java.base/sun.security.ssl.CertificateMessage$T13CertificateConsumer.checkServerCerts(CertificateMessage.java:1357)
	at java.base/sun.security.ssl.CertificateMessage$T13CertificateConsumer.onConsumeCertificate(CertificateMessage.java:1232)
	at java.base/sun.security.ssl.CertificateMessage$T13CertificateConsumer.consume(CertificateMessage.java:1175)
	at java.base/sun.security.ssl.SSLHandshake.consume(SSLHandshake.java:396)
	at java.base/sun.security.ssl.HandshakeContext.dispatch(HandshakeContext.java:480)
	at java.base/sun.security.ssl.HandshakeContext.dispatch(HandshakeContext.java:458)
	at java.base/sun.security.ssl.TransportContext.dispatch(TransportContext.java:201)
	at java.base/sun.security.ssl.SSLTransport.decode(SSLTransport.java:172)
	at java.base/sun.security.ssl.SSLSocketImpl.decode(SSLSocketImpl.java:1505)
	at java.base/sun.security.ssl.SSLSocketImpl.readHandshakeRecord(SSLSocketImpl.java:1420)
	at java.base/sun.security.ssl.SSLSocketImpl.startHandshake(SSLSocketImpl.java:455)
	at java.base/sun.security.ssl.SSLSocketImpl.startHandshake(SSLSocketImpl.java:426)
	at java.base/sun.net.www.protocol.https.HttpsClient.afterConnect(HttpsClient.java:580)
	at java.base/sun.net.www.protocol.https.AbstractDelegateHttpsURLConnection.connect(AbstractDelegateHttpsURLConnection.java:187)
	at java.base/sun.net.www.protocol.http.HttpURLConnection.getOutputStream0(HttpURLConnection.java:1430)
	at java.base/sun.net.www.protocol.http.HttpURLConnection.getOutputStream(HttpURLConnection.java:1401)
	at java.base/sun.net.www.protocol.https.HttpsURLConnectionImpl.getOutputStream(HttpsURLConnectionImpl.java:220)
	at com.google.api.client.http.javanet.NetHttpRequest.execute(NetHttpRequest.java:113)
	at com.google.api.client.http.javanet.NetHttpRequest.execute(NetHttpRequest.java:84)
	at com.google.api.client.http.HttpRequest.execute(HttpRequest.java:1012)
	at com.infineon.aurix.buildsystem.analytics.AnalyticsService$AnalyticsSubmitJob.run(AnalyticsService.java:193)
	at org.eclipse.core.internal.jobs.Worker.run(Worker.java:63)
Caused by: sun.security.validator.ValidatorException: PKIX path building failed: sun.security.provider.certpath.SunCertPathBuilderException: unable to find valid certification path to requested target
	at java.base/sun.security.validator.PKIXValidator.doBuild(PKIXValidator.java:439)
	at java.base/sun.security.validator.PKIXValidator.engineValidate(PKIXValidator.java:306)
	at java.base/sun.security.validator.Validator.validate(Validator.java:264)
	at java.base/sun.security.ssl.X509TrustManagerImpl.checkTrusted(X509TrustManagerImpl.java:231)
	at java.base/sun.security.ssl.X509TrustManagerImpl.checkServerTrusted(X509TrustManagerImpl.java:132)
	at java.base/sun.security.ssl.CertificateMessage$T13CertificateConsumer.checkServerCerts(CertificateMessage.java:1341)
	... 21 more
Caused by: sun.security.provider.certpath.SunCertPathBuilderException: unable to find valid certification path to requested target
	at java.base/sun.security.provider.certpath.SunCertPathBuilder.build(SunCertPathBuilder.java:141)
	at java.base/sun.security.provider.certpath.SunCertPathBuilder.engineBuild(SunCertPathBuilder.java:126)
	at java.base/java.security.cert.CertPathBuilder.build(CertPathBuilder.java:297)
	at java.base/sun.security.validator.PKIXValidator.doBuild(PKIXValidator.java:434)
	... 26 more

!ENTRY com.infineon.aurix.buildsystem.oneeye 2 0 2025-12-15 21:06:49.166
!MESSAGE OneEye program D:\Aurix\2.56.0.202303101530\startOneEye.batdoesn't exist, or is not executable

!ENTRY com.infineon.aurix.buildsystem.oneeye 2 0 2025-12-15 21:06:49.356
!MESSAGE OneEye program D:\Aurix\2.56.0.202303101530\startOneEye.batdoesn't exist, or is not executable

!ENTRY com.infineon.aurix.buildsystem.oneeye 2 0 2025-12-15 21:06:49.813
!MESSAGE OneEye program D:\Aurix\2.56.0.202303101530\startOneEye.batdoesn't exist, or is not executable

!ENTRY com.infineon.aurix.buildsystem.oneeye 2 0 2025-12-15 21:06:50.575
!MESSAGE OneEye program D:\Aurix\2.56.0.202303101530\startOneEye.batdoesn't exist, or is not executable

!ENTRY com.infineon.aurix.buildsystem.oneeye 2 0 2025-12-15 21:06:51.987
!MESSAGE OneEye program D:\Aurix\2.56.0.202303101530\startOneEye.batdoesn't exist, or is not executable

!ENTRY com.infineon.aurix.buildsystem.oneeye 2 0 2025-12-15 21:06:54.168
!MESSAGE OneEye program D:\Aurix\2.56.0.202303101530\startOneEye.batdoesn't exist, or is not executable

!ENTRY com.infineon.aurix.buildsystem.oneeye 2 0 2025-12-15 21:06:54.368
!MESSAGE OneEye program D:\Aurix\2.56.0.202303101530\startOneEye.batdoesn't exist, or is not executable

!ENTRY com.infineon.aurix.buildsystem.oneeye 2 0 2025-12-15 21:07:10.324
!MESSAGE OneEye program D:\Aurix\2.56.0.202303101530\startOneEye.batdoesn't exist, or is not executable

!ENTRY com.infineon.aurix.buildsystem.oneeye 2 0 2025-12-15 21:07:10.537
!MESSAGE OneEye program D:\Aurix\2.56.0.202303101530\startOneEye.batdoesn't exist, or is not executable

!ENTRY com.infineon.aurix.buildsystem.oneeye 2 0 2025-12-15 21:07:13.489
!MESSAGE OneEye program D:\Aurix\2.56.0.202303101530\startOneEye.batdoesn't exist, or is not executable

!ENTRY com.infineon.aurix.buildsystem.oneeye 2 0 2025-12-15 21:07:13.690
!MESSAGE OneEye program D:\Aurix\2.56.0.202303101530\startOneEye.batdoesn't exist, or is not executable

!ENTRY com.infineon.aurix.buildsystem.oneeye 2 0 2025-12-15 21:07:13.895
!MESSAGE OneEye program D:\Aurix\2.56.0.202303101530\startOneEye.batdoesn't exist, or is not executable

!ENTRY com.infineon.aurix.buildsystem.oneeye 2 0 2025-12-15 21:07:14.853
!MESSAGE OneEye program D:\Aurix\2.56.0.202303101530\startOneEye.batdoesn't exist, or is not executable

!ENTRY com.infineon.aurix.buildsystem.oneeye 2 0 2025-12-15 21:07:15.053
!MESSAGE OneEye program D:\Aurix\2.56.0.202303101530\startOneEye.batdoesn't exist, or is not executable

!ENTRY com.infineon.aurix.buildsystem.oneeye 2 0 2025-12-15 21:07:15.362
!MESSAGE OneEye program D:\Aurix\2.56.0.202303101530\startOneEye.batdoesn't exist, or is not executable

!ENTRY com.infineon.aurix.buildsystem.notification 4 0 2025-12-15 21:07:31.909
!MESSAGE PKIX path building failed: sun.security.provider.certpath.SunCertPathBuilderException: unable to find valid certification path to requested target
!STACK 0
javax.net.ssl.SSLHandshakeException: PKIX path building failed: sun.security.provider.certpath.SunCertPathBuilderException: unable to find valid certification path to requested target
	at java.base/sun.security.ssl.Alert.createSSLException(Alert.java:131)
	at java.base/sun.security.ssl.TransportContext.fatal(TransportContext.java:371)
	at java.base/sun.security.ssl.TransportContext.fatal(TransportContext.java:314)
	at java.base/sun.security.ssl.TransportContext.fatal(TransportContext.java:309)
	at java.base/sun.security.ssl.CertificateMessage$T13CertificateConsumer.checkServerCerts(CertificateMessage.java:1357)
	at java.base/sun.security.ssl.CertificateMessage$T13CertificateConsumer.onConsumeCertificate(CertificateMessage.java:1232)
	at java.base/sun.security.ssl.CertificateMessage$T13CertificateConsumer.consume(CertificateMessage.java:1175)
	at java.base/sun.security.ssl.SSLHandshake.consume(SSLHandshake.java:396)
	at java.base/sun.security.ssl.HandshakeContext.dispatch(HandshakeContext.java:480)
	at java.base/sun.security.ssl.HandshakeContext.dispatch(HandshakeContext.java:458)
	at java.base/sun.security.ssl.TransportContext.dispatch(TransportContext.java:201)
	at java.base/sun.security.ssl.SSLTransport.decode(SSLTransport.java:172)
	at java.base/sun.security.ssl.SSLSocketImpl.decode(SSLSocketImpl.java:1505)
	at java.base/sun.security.ssl.SSLSocketImpl.readHandshakeRecord(SSLSocketImpl.java:1420)
	at java.base/sun.security.ssl.SSLSocketImpl.startHandshake(SSLSocketImpl.java:455)
	at java.base/sun.security.ssl.SSLSocketImpl.startHandshake(SSLSocketImpl.java:426)
	at java.base/sun.net.www.protocol.https.HttpsClient.afterConnect(HttpsClient.java:580)
	at java.base/sun.net.www.protocol.https.AbstractDelegateHttpsURLConnection.connect(AbstractDelegateHttpsURLConnection.java:187)
	at java.base/sun.net.www.protocol.https.HttpsURLConnectionImpl.connect(HttpsURLConnectionImpl.java:142)
	at com.google.api.client.http.javanet.NetHttpRequest.execute(NetHttpRequest.java:148)
	at com.google.api.client.http.javanet.NetHttpRequest.execute(NetHttpRequest.java:84)
	at com.google.api.client.http.HttpRequest.execute(HttpRequest.java:1012)
	at com.infineon.aurix.buildsystem.notification.NotificationService$NotificationGetJob.run(NotificationService.java:205)
	at org.eclipse.core.internal.jobs.Worker.run(Worker.java:63)
Caused by: sun.security.validator.ValidatorException: PKIX path building failed: sun.security.provider.certpath.SunCertPathBuilderException: unable to find valid certification path to requested target
	at java.base/sun.security.validator.PKIXValidator.doBuild(PKIXValidator.java:439)
	at java.base/sun.security.validator.PKIXValidator.engineValidate(PKIXValidator.java:306)
	at java.base/sun.security.validator.Validator.validate(Validator.java:264)
	at java.base/sun.security.ssl.X509TrustManagerImpl.checkTrusted(X509TrustManagerImpl.java:231)
	at java.base/sun.security.ssl.X509TrustManagerImpl.checkServerTrusted(X509TrustManagerImpl.java:132)
	at java.base/sun.security.ssl.CertificateMessage$T13CertificateConsumer.checkServerCerts(CertificateMessage.java:1341)
	... 19 more
Caused by: sun.security.provider.certpath.SunCertPathBuilderException: unable to find valid certification path to requested target
	at java.base/sun.security.provider.certpath.SunCertPathBuilder.build(SunCertPathBuilder.java:141)
	at java.base/sun.security.provider.certpath.SunCertPathBuilder.engineBuild(SunCertPathBuilder.java:126)
	at java.base/java.security.cert.CertPathBuilder.build(CertPathBuilder.java:297)
	at java.base/sun.security.validator.PKIXValidator.doBuild(PKIXValidator.java:434)
	... 24 more

!ENTRY com.infineon.aurix.buildsystem 1 0 2025-12-15 21:07:33.502
!MESSAGE Boosting configuration Debug of project E8_13_mt9v03x_ips114_display_demo boosted in 1942 milliseconds. (incremental boost)

!ENTRY com.infineon.aurix.buildsystem.analytics 4 0 2025-12-15 21:07:33.510
!MESSAGE PKIX path building failed: sun.security.provider.certpath.SunCertPathBuilderException: unable to find valid certification path to requested target
!STACK 0
javax.net.ssl.SSLHandshakeException: PKIX path building failed: sun.security.provider.certpath.SunCertPathBuilderException: unable to find valid certification path to requested target
	at java.base/sun.security.ssl.Alert.createSSLException(Alert.java:131)
	at java.base/sun.security.ssl.TransportContext.fatal(TransportContext.java:371)
	at java.base/sun.security.ssl.TransportContext.fatal(TransportContext.java:314)
	at java.base/sun.security.ssl.TransportContext.fatal(TransportContext.java:309)
	at java.base/sun.security.ssl.CertificateMessage$T13CertificateConsumer.checkServerCerts(CertificateMessage.java:1357)
	at java.base/sun.security.ssl.CertificateMessage$T13CertificateConsumer.onConsumeCertificate(CertificateMessage.java:1232)
	at java.base/sun.security.ssl.CertificateMessage$T13CertificateConsumer.consume(CertificateMessage.java:1175)
	at java.base/sun.security.ssl.SSLHandshake.consume(SSLHandshake.java:396)
	at java.base/sun.security.ssl.HandshakeContext.dispatch(HandshakeContext.java:480)
	at java.base/sun.security.ssl.HandshakeContext.dispatch(HandshakeContext.java:458)
	at java.base/sun.security.ssl.TransportContext.dispatch(TransportContext.java:201)
	at java.base/sun.security.ssl.SSLTransport.decode(SSLTransport.java:172)
	at java.base/sun.security.ssl.SSLSocketImpl.decode(SSLSocketImpl.java:1505)
	at java.base/sun.security.ssl.SSLSocketImpl.readHandshakeRecord(SSLSocketImpl.java:1420)
	at java.base/sun.security.ssl.SSLSocketImpl.startHandshake(SSLSocketImpl.java:455)
	at java.base/sun.security.ssl.SSLSocketImpl.startHandshake(SSLSocketImpl.java:426)
	at java.base/sun.net.www.protocol.https.HttpsClient.afterConnect(HttpsClient.java:580)
	at java.base/sun.net.www.protocol.https.AbstractDelegateHttpsURLConnection.connect(AbstractDelegateHttpsURLConnection.java:187)
	at java.base/sun.net.www.protocol.http.HttpURLConnection.getOutputStream0(HttpURLConnection.java:1430)
	at java.base/sun.net.www.protocol.http.HttpURLConnection.getOutputStream(HttpURLConnection.java:1401)
	at java.base/sun.net.www.protocol.https.HttpsURLConnectionImpl.getOutputStream(HttpsURLConnectionImpl.java:220)
	at com.google.api.client.http.javanet.NetHttpRequest.execute(NetHttpRequest.java:113)
	at com.google.api.client.http.javanet.NetHttpRequest.execute(NetHttpRequest.java:84)
	at com.google.api.client.http.HttpRequest.execute(HttpRequest.java:1012)
	at com.infineon.aurix.buildsystem.analytics.AnalyticsService$AnalyticsSubmitJob.run(AnalyticsService.java:193)
	at org.eclipse.core.internal.jobs.Worker.run(Worker.java:63)
Caused by: sun.security.validator.ValidatorException: PKIX path building failed: sun.security.provider.certpath.SunCertPathBuilderException: unable to find valid certification path to requested target
	at java.base/sun.security.validator.PKIXValidator.doBuild(PKIXValidator.java:439)
	at java.base/sun.security.validator.PKIXValidator.engineValidate(PKIXValidator.java:306)
	at java.base/sun.security.validator.Validator.validate(Validator.java:264)
	at java.base/sun.security.ssl.X509TrustManagerImpl.checkTrusted(X509TrustManagerImpl.java:231)
	at java.base/sun.security.ssl.X509TrustManagerImpl.checkServerTrusted(X509TrustManagerImpl.java:132)
	at java.base/sun.security.ssl.CertificateMessage$T13CertificateConsumer.checkServerCerts(CertificateMessage.java:1341)
	... 21 more
Caused by: sun.security.provider.certpath.SunCertPathBuilderException: unable to find valid certification path to requested target
	at java.base/sun.security.provider.certpath.SunCertPathBuilder.build(SunCertPathBuilder.java:141)
	at java.base/sun.security.provider.certpath.SunCertPathBuilder.engineBuild(SunCertPathBuilder.java:126)
	at java.base/java.security.cert.CertPathBuilder.build(CertPathBuilder.java:297)
	at java.base/sun.security.validator.PKIXValidator.doBuild(PKIXValidator.java:434)
	... 26 more

!ENTRY com.infineon.aurix.buildsystem 1 0 2025-12-15 21:07:33.554
!MESSAGE Include paths were discovered in 52 milliseconds.

!ENTRY com.infineon.aurix.buildsystem.oneeye 2 0 2025-12-15 21:09:36.074
!MESSAGE OneEye program D:\Aurix\2.56.0.202303101530\startOneEye.batdoesn't exist, or is not executable

!ENTRY com.infineon.aurix.buildsystem.oneeye 2 0 2025-12-15 21:09:36.565
!MESSAGE OneEye program D:\Aurix\2.56.0.202303101530\startOneEye.batdoesn't exist, or is not executable

!ENTRY com.infineon.aurix.buildsystem.oneeye 2 0 2025-12-15 21:09:37.125
!MESSAGE OneEye program D:\Aurix\2.56.0.202303101530\startOneEye.batdoesn't exist, or is not executable

!ENTRY com.infineon.aurix.buildsystem.oneeye 2 0 2025-12-15 21:09:37.748
!MESSAGE OneEye program D:\Aurix\2.56.0.202303101530\startOneEye.batdoesn't exist, or is not executable

!ENTRY com.infineon.aurix.buildsystem.oneeye 2 0 2025-12-15 21:09:39.312
!MESSAGE OneEye program D:\Aurix\2.56.0.202303101530\startOneEye.batdoesn't exist, or is not executable

!ENTRY com.infineon.aurix.buildsystem.oneeye 2 0 2025-12-15 21:09:39.799
!MESSAGE OneEye program D:\Aurix\2.56.0.202303101530\startOneEye.batdoesn't exist, or is not executable

!ENTRY com.infineon.aurix.buildsystem.oneeye 2 0 2025-12-15 21:09:40.003
!MESSAGE OneEye program D:\Aurix\2.56.0.202303101530\startOneEye.batdoesn't exist, or is not executable

!ENTRY com.infineon.aurix.buildsystem.oneeye 2 0 2025-12-15 21:09:40.503
!MESSAGE OneEye program D:\Aurix\2.56.0.202303101530\startOneEye.batdoesn't exist, or is not executable

!ENTRY com.infineon.aurix.buildsystem.oneeye 2 0 2025-12-15 21:09:40.689
!MESSAGE OneEye program D:\Aurix\2.56.0.202303101530\startOneEye.batdoesn't exist, or is not executable

!ENTRY com.infineon.aurix.buildsystem.oneeye 2 0 2025-12-15 21:09:40.886
!MESSAGE OneEye program D:\Aurix\2.56.0.202303101530\startOneEye.batdoesn't exist, or is not executable

!ENTRY com.infineon.aurix.buildsystem.oneeye 2 0 2025-12-15 21:09:42.757
!MESSAGE OneEye program D:\Aurix\2.56.0.202303101530\startOneEye.batdoesn't exist, or is not executable

!ENTRY com.infineon.aurix.buildsystem.oneeye 2 0 2025-12-15 21:09:56.542
!MESSAGE OneEye program D:\Aurix\2.56.0.202303101530\startOneEye.batdoesn't exist, or is not executable

!ENTRY com.infineon.aurix.buildsystem.oneeye 2 0 2025-12-15 21:09:56.653
!MESSAGE OneEye program D:\Aurix\2.56.0.202303101530\startOneEye.batdoesn't exist, or is not executable

!ENTRY com.infineon.aurix.buildsystem.oneeye 2 0 2025-12-15 21:09:56.763
!MESSAGE OneEye program D:\Aurix\2.56.0.202303101530\startOneEye.batdoesn't exist, or is not executable

!ENTRY com.infineon.aurix.buildsystem.oneeye 2 0 2025-12-15 21:09:56.868
!MESSAGE OneEye program D:\Aurix\2.56.0.202303101530\startOneEye.batdoesn't exist, or is not executable

!ENTRY com.infineon.aurix.buildsystem.oneeye 2 0 2025-12-15 21:09:57.169
!MESSAGE OneEye program D:\Aurix\2.56.0.202303101530\startOneEye.batdoesn't exist, or is not executable

!ENTRY com.infineon.aurix.buildsystem.oneeye 2 0 2025-12-15 21:09:57.347
!MESSAGE OneEye program D:\Aurix\2.56.0.202303101530\startOneEye.batdoesn't exist, or is not executable

!ENTRY com.infineon.aurix.buildsystem.oneeye 2 0 2025-12-15 21:09:57.454
!MESSAGE OneEye program D:\Aurix\2.56.0.202303101530\startOneEye.batdoesn't exist, or is not executable

!ENTRY com.infineon.aurix.buildsystem.oneeye 2 0 2025-12-15 21:09:57.654
!MESSAGE OneEye program D:\Aurix\2.56.0.202303101530\startOneEye.batdoesn't exist, or is not executable

!ENTRY com.infineon.aurix.buildsystem.oneeye 2 0 2025-12-15 21:09:58.552
!MESSAGE OneEye program D:\Aurix\2.56.0.202303101530\startOneEye.batdoesn't exist, or is not executable

!ENTRY com.infineon.aurix.buildsystem.oneeye 2 0 2025-12-15 21:10:00.078
!MESSAGE OneEye program D:\Aurix\2.56.0.202303101530\startOneEye.batdoesn't exist, or is not executable

!ENTRY com.infineon.aurix.buildsystem.oneeye 2 0 2025-12-15 21:10:00.343
!MESSAGE OneEye program D:\Aurix\2.56.0.202303101530\startOneEye.batdoesn't exist, or is not executable

!ENTRY com.infineon.aurix.buildsystem.oneeye 2 0 2025-12-15 21:10:01.051
!MESSAGE OneEye program D:\Aurix\2.56.0.202303101530\startOneEye.batdoesn't exist, or is not executable

!ENTRY com.infineon.aurix.buildsystem.oneeye 2 0 2025-12-15 21:10:01.283
!MESSAGE OneEye program D:\Aurix\2.56.0.202303101530\startOneEye.batdoesn't exist, or is not executable

!ENTRY com.infineon.aurix.buildsystem.oneeye 2 0 2025-12-15 21:10:01.591
!MESSAGE OneEye program D:\Aurix\2.56.0.202303101530\startOneEye.batdoesn't exist, or is not executable

!ENTRY com.infineon.aurix.buildsystem.oneeye 2 0 2025-12-15 21:10:01.839
!MESSAGE OneEye program D:\Aurix\2.56.0.202303101530\startOneEye.batdoesn't exist, or is not executable

!ENTRY com.infineon.aurix.buildsystem.oneeye 2 0 2025-12-15 21:10:02.057
!MESSAGE OneEye program D:\Aurix\2.56.0.202303101530\startOneEye.batdoesn't exist, or is not executable

!ENTRY com.infineon.aurix.buildsystem.oneeye 2 0 2025-12-15 21:10:02.258
!MESSAGE OneEye program D:\Aurix\2.56.0.202303101530\startOneEye.batdoesn't exist, or is not executable

!ENTRY com.infineon.aurix.buildsystem.oneeye 2 0 2025-12-15 21:10:02.461
!MESSAGE OneEye program D:\Aurix\2.56.0.202303101530\startOneEye.batdoesn't exist, or is not executable

!ENTRY com.infineon.aurix.buildsystem.oneeye 2 0 2025-12-15 21:10:28.318
!MESSAGE OneEye program D:\Aurix\2.56.0.202303101530\startOneEye.batdoesn't exist, or is not executable

!ENTRY com.infineon.aurix.buildsystem.oneeye 2 0 2025-12-15 21:10:29.047
!MESSAGE OneEye program D:\Aurix\2.56.0.202303101530\startOneEye.batdoesn't exist, or is not executable

!ENTRY com.infineon.aurix.buildsystem.oneeye 2 0 2025-12-15 21:10:30.136
!MESSAGE OneEye program D:\Aurix\2.56.0.202303101530\startOneEye.batdoesn't exist, or is not executable

!ENTRY com.infineon.aurix.buildsystem.oneeye 2 0 2025-12-15 21:10:30.350
!MESSAGE OneEye program D:\Aurix\2.56.0.202303101530\startOneEye.batdoesn't exist, or is not executable

!ENTRY com.infineon.aurix.buildsystem.oneeye 2 0 2025-12-15 21:10:31.094
!MESSAGE OneEye program D:\Aurix\2.56.0.202303101530\startOneEye.batdoesn't exist, or is not executable

!ENTRY com.infineon.aurix.buildsystem.oneeye 2 0 2025-12-15 21:10:31.296
!MESSAGE OneEye program D:\Aurix\2.56.0.202303101530\startOneEye.batdoesn't exist, or is not executable

!ENTRY com.infineon.aurix.buildsystem.oneeye 2 0 2025-12-15 21:10:31.497
!MESSAGE OneEye program D:\Aurix\2.56.0.202303101530\startOneEye.batdoesn't exist, or is not executable

!ENTRY com.infineon.aurix.buildsystem.oneeye 2 0 2025-12-15 21:10:32.684
!MESSAGE OneEye program D:\Aurix\2.56.0.202303101530\startOneEye.batdoesn't exist, or is not executable

!ENTRY com.infineon.aurix.buildsystem.oneeye 2 0 2025-12-15 21:10:32.885
!MESSAGE OneEye program D:\Aurix\2.56.0.202303101530\startOneEye.batdoesn't exist, or is not executable

!ENTRY com.infineon.aurix.buildsystem.oneeye 2 0 2025-12-15 21:10:33.185
!MESSAGE OneEye program D:\Aurix\2.56.0.202303101530\startOneEye.batdoesn't exist, or is not executable

!ENTRY com.infineon.aurix.buildsystem.oneeye 2 0 2025-12-15 21:10:33.385
!MESSAGE OneEye program D:\Aurix\2.56.0.202303101530\startOneEye.batdoesn't exist, or is not executable

!ENTRY com.infineon.aurix.buildsystem.oneeye 2 0 2025-12-15 21:10:33.625
!MESSAGE OneEye program D:\Aurix\2.56.0.202303101530\startOneEye.batdoesn't exist, or is not executable

!ENTRY com.infineon.aurix.buildsystem.oneeye 2 0 2025-12-15 21:10:38.819
!MESSAGE OneEye program D:\Aurix\2.56.0.202303101530\startOneEye.batdoesn't exist, or is not executable

!ENTRY com.infineon.aurix.buildsystem.oneeye 2 0 2025-12-15 21:10:39.893
!MESSAGE OneEye program D:\Aurix\2.56.0.202303101530\startOneEye.batdoesn't exist, or is not executable

!ENTRY com.infineon.aurix.buildsystem.oneeye 2 0 2025-12-15 21:10:40.095
!MESSAGE OneEye program D:\Aurix\2.56.0.202303101530\startOneEye.batdoesn't exist, or is not executable

!ENTRY com.infineon.aurix.buildsystem.oneeye 2 0 2025-12-15 21:10:40.307
!MESSAGE OneEye program D:\Aurix\2.56.0.202303101530\startOneEye.batdoesn't exist, or is not executable

!ENTRY com.infineon.aurix.buildsystem.oneeye 2 0 2025-12-15 21:10:40.450
!MESSAGE OneEye program D:\Aurix\2.56.0.202303101530\startOneEye.batdoesn't exist, or is not executable

!ENTRY com.infineon.aurix.buildsystem.oneeye 2 0 2025-12-15 21:10:40.655
!MESSAGE OneEye program D:\Aurix\2.56.0.202303101530\startOneEye.batdoesn't exist, or is not executable

!ENTRY com.infineon.aurix.buildsystem.oneeye 2 0 2025-12-15 21:10:40.885
!MESSAGE OneEye program D:\Aurix\2.56.0.202303101530\startOneEye.batdoesn't exist, or is not executable

!ENTRY com.infineon.aurix.buildsystem.oneeye 2 0 2025-12-15 21:10:43.176
!MESSAGE OneEye program D:\Aurix\2.56.0.202303101530\startOneEye.batdoesn't exist, or is not executable

!ENTRY com.infineon.aurix.buildsystem.oneeye 2 0 2025-12-15 21:10:43.349
!MESSAGE OneEye program D:\Aurix\2.56.0.202303101530\startOneEye.batdoesn't exist, or is not executable

!ENTRY com.infineon.aurix.buildsystem.oneeye 2 0 2025-12-15 21:10:54.247
!MESSAGE OneEye program D:\Aurix\2.56.0.202303101530\startOneEye.batdoesn't exist, or is not executable

!ENTRY com.infineon.aurix.buildsystem.oneeye 2 0 2025-12-15 21:10:56.225
!MESSAGE OneEye program D:\Aurix\2.56.0.202303101530\startOneEye.batdoesn't exist, or is not executable

!ENTRY com.infineon.aurix.buildsystem.oneeye 2 0 2025-12-15 21:10:57.049
!MESSAGE OneEye program D:\Aurix\2.56.0.202303101530\startOneEye.batdoesn't exist, or is not executable

!ENTRY com.infineon.aurix.buildsystem.oneeye 2 0 2025-12-15 21:10:57.360
!MESSAGE OneEye program D:\Aurix\2.56.0.202303101530\startOneEye.batdoesn't exist, or is not executable

!ENTRY com.infineon.aurix.buildsystem.oneeye 2 0 2025-12-15 21:10:58.226
!MESSAGE OneEye program D:\Aurix\2.56.0.202303101530\startOneEye.batdoesn't exist, or is not executable

!ENTRY com.infineon.aurix.buildsystem.oneeye 2 0 2025-12-15 21:10:58.384
!MESSAGE OneEye program D:\Aurix\2.56.0.202303101530\startOneEye.batdoesn't exist, or is not executable

!ENTRY com.infineon.aurix.buildsystem.oneeye 2 0 2025-12-15 21:11:03.292
!MESSAGE OneEye program D:\Aurix\2.56.0.202303101530\startOneEye.batdoesn't exist, or is not executable

!ENTRY com.infineon.aurix.buildsystem.oneeye 2 0 2025-12-15 21:11:03.482
!MESSAGE OneEye program D:\Aurix\2.56.0.202303101530\startOneEye.batdoesn't exist, or is not executable

!ENTRY com.infineon.aurix.buildsystem.oneeye 2 0 2025-12-15 21:11:04.930
!MESSAGE OneEye program D:\Aurix\2.56.0.202303101530\startOneEye.batdoesn't exist, or is not executable

!ENTRY com.infineon.aurix.buildsystem.oneeye 2 0 2025-12-15 21:11:07.651
!MESSAGE OneEye program D:\Aurix\2.56.0.202303101530\startOneEye.batdoesn't exist, or is not executable

!ENTRY com.infineon.aurix.buildsystem.oneeye 2 0 2025-12-15 21:11:07.837
!MESSAGE OneEye program D:\Aurix\2.56.0.202303101530\startOneEye.batdoesn't exist, or is not executable

!ENTRY com.infineon.aurix.buildsystem.oneeye 2 0 2025-12-15 21:11:08.153
!MESSAGE OneEye program D:\Aurix\2.56.0.202303101530\startOneEye.batdoesn't exist, or is not executable

!ENTRY com.infineon.aurix.buildsystem.oneeye 2 0 2025-12-15 21:11:08.340
!MESSAGE OneEye program D:\Aurix\2.56.0.202303101530\startOneEye.batdoesn't exist, or is not executable

!ENTRY com.infineon.aurix.buildsystem.oneeye 2 0 2025-12-15 21:11:10.795
!MESSAGE OneEye program D:\Aurix\2.56.0.202303101530\startOneEye.batdoesn't exist, or is not executable

!ENTRY com.infineon.aurix.buildsystem.oneeye 2 0 2025-12-15 21:11:11.004
!MESSAGE OneEye program D:\Aurix\2.56.0.202303101530\startOneEye.batdoesn't exist, or is not executable

!ENTRY com.infineon.aurix.buildsystem.oneeye 2 0 2025-12-15 21:11:14.509
!MESSAGE OneEye program D:\Aurix\2.56.0.202303101530\startOneEye.batdoesn't exist, or is not executable

!ENTRY com.infineon.aurix.buildsystem.oneeye 2 0 2025-12-15 21:11:17.670
!MESSAGE OneEye program D:\Aurix\2.56.0.202303101530\startOneEye.batdoesn't exist, or is not executable

!ENTRY com.infineon.aurix.buildsystem.oneeye 2 0 2025-12-15 21:11:19.189
!MESSAGE OneEye program D:\Aurix\2.56.0.202303101530\startOneEye.batdoesn't exist, or is not executable

!ENTRY com.infineon.aurix.buildsystem.oneeye 2 0 2025-12-15 21:12:03.154
!MESSAGE OneEye program D:\Aurix\2.56.0.202303101530\startOneEye.batdoesn't exist, or is not executable

!ENTRY com.infineon.aurix.buildsystem.oneeye 2 0 2025-12-15 21:12:05.523
!MESSAGE OneEye program D:\Aurix\2.56.0.202303101530\startOneEye.batdoesn't exist, or is not executable

!ENTRY com.infineon.aurix.buildsystem.oneeye 2 0 2025-12-15 21:12:05.712
!MESSAGE OneEye program D:\Aurix\2.56.0.202303101530\startOneEye.batdoesn't exist, or is not executable

!ENTRY com.infineon.aurix.buildsystem.oneeye 2 0 2025-12-15 21:12:05.903
!MESSAGE OneEye program D:\Aurix\2.56.0.202303101530\startOneEye.batdoesn't exist, or is not executable

!ENTRY com.infineon.aurix.buildsystem.oneeye 2 0 2025-12-15 21:12:06.123
!MESSAGE OneEye program D:\Aurix\2.56.0.202303101530\startOneEye.batdoesn't exist, or is not executable

!ENTRY com.infineon.aurix.buildsystem.oneeye 2 0 2025-12-15 21:12:06.329
!MESSAGE OneEye program D:\Aurix\2.56.0.202303101530\startOneEye.batdoesn't exist, or is not executable

!ENTRY com.infineon.aurix.buildsystem.oneeye 2 0 2025-12-15 21:12:06.625
!MESSAGE OneEye program D:\Aurix\2.56.0.202303101530\startOneEye.batdoesn't exist, or is not executable

!ENTRY com.infineon.aurix.buildsystem.oneeye 2 0 2025-12-15 21:12:36.062
!MESSAGE OneEye program D:\Aurix\2.56.0.202303101530\startOneEye.batdoesn't exist, or is not executable

!ENTRY com.infineon.aurix.buildsystem.oneeye 2 0 2025-12-15 21:12:36.540
!MESSAGE OneEye program D:\Aurix\2.56.0.202303101530\startOneEye.batdoesn't exist, or is not executable

!ENTRY com.infineon.aurix.buildsystem.notification 4 0 2025-12-15 21:13:05.503
!MESSAGE PKIX path building failed: sun.security.provider.certpath.SunCertPathBuilderException: unable to find valid certification path to requested target
!STACK 0
javax.net.ssl.SSLHandshakeException: PKIX path building failed: sun.security.provider.certpath.SunCertPathBuilderException: unable to find valid certification path to requested target
	at java.base/sun.security.ssl.Alert.createSSLException(Alert.java:131)
	at java.base/sun.security.ssl.TransportContext.fatal(TransportContext.java:371)
	at java.base/sun.security.ssl.TransportContext.fatal(TransportContext.java:314)
	at java.base/sun.security.ssl.TransportContext.fatal(TransportContext.java:309)
	at java.base/sun.security.ssl.CertificateMessage$T13CertificateConsumer.checkServerCerts(CertificateMessage.java:1357)
	at java.base/sun.security.ssl.CertificateMessage$T13CertificateConsumer.onConsumeCertificate(CertificateMessage.java:1232)
	at java.base/sun.security.ssl.CertificateMessage$T13CertificateConsumer.consume(CertificateMessage.java:1175)
	at java.base/sun.security.ssl.SSLHandshake.consume(SSLHandshake.java:396)
	at java.base/sun.security.ssl.HandshakeContext.dispatch(HandshakeContext.java:480)
	at java.base/sun.security.ssl.HandshakeContext.dispatch(HandshakeContext.java:458)
	at java.base/sun.security.ssl.TransportContext.dispatch(TransportContext.java:201)
	at java.base/sun.security.ssl.SSLTransport.decode(SSLTransport.java:172)
	at java.base/sun.security.ssl.SSLSocketImpl.decode(SSLSocketImpl.java:1505)
	at java.base/sun.security.ssl.SSLSocketImpl.readHandshakeRecord(SSLSocketImpl.java:1420)
	at java.base/sun.security.ssl.SSLSocketImpl.startHandshake(SSLSocketImpl.java:455)
	at java.base/sun.security.ssl.SSLSocketImpl.startHandshake(SSLSocketImpl.java:426)
	at java.base/sun.net.www.protocol.https.HttpsClient.afterConnect(HttpsClient.java:580)
	at java.base/sun.net.www.protocol.https.AbstractDelegateHttpsURLConnection.connect(AbstractDelegateHttpsURLConnection.java:187)
	at java.base/sun.net.www.protocol.https.HttpsURLConnectionImpl.connect(HttpsURLConnectionImpl.java:142)
	at com.google.api.client.http.javanet.NetHttpRequest.execute(NetHttpRequest.java:148)
	at com.google.api.client.http.javanet.NetHttpRequest.execute(NetHttpRequest.java:84)
	at com.google.api.client.http.HttpRequest.execute(HttpRequest.java:1012)
	at com.infineon.aurix.buildsystem.notification.NotificationService$NotificationGetJob.run(NotificationService.java:205)
	at org.eclipse.core.internal.jobs.Worker.run(Worker.java:63)
Caused by: sun.security.validator.ValidatorException: PKIX path building failed: sun.security.provider.certpath.SunCertPathBuilderException: unable to find valid certification path to requested target
	at java.base/sun.security.validator.PKIXValidator.doBuild(PKIXValidator.java:439)
	at java.base/sun.security.validator.PKIXValidator.engineValidate(PKIXValidator.java:306)
	at java.base/sun.security.validator.Validator.validate(Validator.java:264)
	at java.base/sun.security.ssl.X509TrustManagerImpl.checkTrusted(X509TrustManagerImpl.java:231)
	at java.base/sun.security.ssl.X509TrustManagerImpl.checkServerTrusted(X509TrustManagerImpl.java:132)
	at java.base/sun.security.ssl.CertificateMessage$T13CertificateConsumer.checkServerCerts(CertificateMessage.java:1341)
	... 19 more
Caused by: sun.security.provider.certpath.SunCertPathBuilderException: unable to find valid certification path to requested target
	at java.base/sun.security.provider.certpath.SunCertPathBuilder.build(SunCertPathBuilder.java:141)
	at java.base/sun.security.provider.certpath.SunCertPathBuilder.engineBuild(SunCertPathBuilder.java:126)
	at java.base/java.security.cert.CertPathBuilder.build(CertPathBuilder.java:297)
	at java.base/sun.security.validator.PKIXValidator.doBuild(PKIXValidator.java:434)
	... 24 more

!ENTRY com.infineon.aurix.buildsystem 1 0 2025-12-15 21:13:06.792
!MESSAGE Boosting configuration Debug of project E8_13_mt9v03x_ips114_display_demo boosted in 1758 milliseconds. (incremental boost)

!ENTRY com.infineon.aurix.buildsystem 1 0 2025-12-15 21:13:06.836
!MESSAGE Include paths were discovered in 42 milliseconds.

!ENTRY com.infineon.aurix.buildsystem.analytics 4 0 2025-12-15 21:13:09.791
!MESSAGE PKIX path building failed: sun.security.provider.certpath.SunCertPathBuilderException: unable to find valid certification path to requested target
!STACK 0
javax.net.ssl.SSLHandshakeException: PKIX path building failed: sun.security.provider.certpath.SunCertPathBuilderException: unable to find valid certification path to requested target
	at java.base/sun.security.ssl.Alert.createSSLException(Alert.java:131)
	at java.base/sun.security.ssl.TransportContext.fatal(TransportContext.java:371)
	at java.base/sun.security.ssl.TransportContext.fatal(TransportContext.java:314)
	at java.base/sun.security.ssl.TransportContext.fatal(TransportContext.java:309)
	at java.base/sun.security.ssl.CertificateMessage$T13CertificateConsumer.checkServerCerts(CertificateMessage.java:1357)
	at java.base/sun.security.ssl.CertificateMessage$T13CertificateConsumer.onConsumeCertificate(CertificateMessage.java:1232)
	at java.base/sun.security.ssl.CertificateMessage$T13CertificateConsumer.consume(CertificateMessage.java:1175)
	at java.base/sun.security.ssl.SSLHandshake.consume(SSLHandshake.java:396)
	at java.base/sun.security.ssl.HandshakeContext.dispatch(HandshakeContext.java:480)
	at java.base/sun.security.ssl.HandshakeContext.dispatch(HandshakeContext.java:458)
	at java.base/sun.security.ssl.TransportContext.dispatch(TransportContext.java:201)
	at java.base/sun.security.ssl.SSLTransport.decode(SSLTransport.java:172)
	at java.base/sun.security.ssl.SSLSocketImpl.decode(SSLSocketImpl.java:1505)
	at java.base/sun.security.ssl.SSLSocketImpl.readHandshakeRecord(SSLSocketImpl.java:1420)
	at java.base/sun.security.ssl.SSLSocketImpl.startHandshake(SSLSocketImpl.java:455)
	at java.base/sun.security.ssl.SSLSocketImpl.startHandshake(SSLSocketImpl.java:426)
	at java.base/sun.net.www.protocol.https.HttpsClient.afterConnect(HttpsClient.java:580)
	at java.base/sun.net.www.protocol.https.AbstractDelegateHttpsURLConnection.connect(AbstractDelegateHttpsURLConnection.java:187)
	at java.base/sun.net.www.protocol.http.HttpURLConnection.getOutputStream0(HttpURLConnection.java:1430)
	at java.base/sun.net.www.protocol.http.HttpURLConnection.getOutputStream(HttpURLConnection.java:1401)
	at java.base/sun.net.www.protocol.https.HttpsURLConnectionImpl.getOutputStream(HttpsURLConnectionImpl.java:220)
	at com.google.api.client.http.javanet.NetHttpRequest.execute(NetHttpRequest.java:113)
	at com.google.api.client.http.javanet.NetHttpRequest.execute(NetHttpRequest.java:84)
	at com.google.api.client.http.HttpRequest.execute(HttpRequest.java:1012)
	at com.infineon.aurix.buildsystem.analytics.AnalyticsService$AnalyticsSubmitJob.run(AnalyticsService.java:193)
	at org.eclipse.core.internal.jobs.Worker.run(Worker.java:63)
Caused by: sun.security.validator.ValidatorException: PKIX path building failed: sun.security.provider.certpath.SunCertPathBuilderException: unable to find valid certification path to requested target
	at java.base/sun.security.validator.PKIXValidator.doBuild(PKIXValidator.java:439)
	at java.base/sun.security.validator.PKIXValidator.engineValidate(PKIXValidator.java:306)
	at java.base/sun.security.validator.Validator.validate(Validator.java:264)
	at java.base/sun.security.ssl.X509TrustManagerImpl.checkTrusted(X509TrustManagerImpl.java:231)
	at java.base/sun.security.ssl.X509TrustManagerImpl.checkServerTrusted(X509TrustManagerImpl.java:132)
	at java.base/sun.security.ssl.CertificateMessage$T13CertificateConsumer.checkServerCerts(CertificateMessage.java:1341)
	... 21 more
Caused by: sun.security.provider.certpath.SunCertPathBuilderException: unable to find valid certification path to requested target
	at java.base/sun.security.provider.certpath.SunCertPathBuilder.build(SunCertPathBuilder.java:141)
	at java.base/sun.security.provider.certpath.SunCertPathBuilder.engineBuild(SunCertPathBuilder.java:126)
	at java.base/java.security.cert.CertPathBuilder.build(CertPathBuilder.java:297)
	at java.base/sun.security.validator.PKIXValidator.doBuild(PKIXValidator.java:434)
	... 26 more

!ENTRY com.infineon.aurix.buildsystem 1 0 2025-12-15 21:13:16.908
!MESSAGE Boosting configuration Debug of project E8_13_mt9v03x_ips114_display_demo boosted in 239 milliseconds. (incremental boost)

!ENTRY com.infineon.aurix.buildsystem 1 0 2025-12-15 21:13:16.960
!MESSAGE Include paths were discovered in 50 milliseconds.

!ENTRY com.infineon.aurix.buildsystem.notification 4 0 2025-12-15 21:13:17.302
!MESSAGE PKIX path building failed: sun.security.provider.certpath.SunCertPathBuilderException: unable to find valid certification path to requested target
!STACK 0
javax.net.ssl.SSLHandshakeException: PKIX path building failed: sun.security.provider.certpath.SunCertPathBuilderException: unable to find valid certification path to requested target
	at java.base/sun.security.ssl.Alert.createSSLException(Alert.java:131)
	at java.base/sun.security.ssl.TransportContext.fatal(TransportContext.java:371)
	at java.base/sun.security.ssl.TransportContext.fatal(TransportContext.java:314)
	at java.base/sun.security.ssl.TransportContext.fatal(TransportContext.java:309)
	at java.base/sun.security.ssl.CertificateMessage$T13CertificateConsumer.checkServerCerts(CertificateMessage.java:1357)
	at java.base/sun.security.ssl.CertificateMessage$T13CertificateConsumer.onConsumeCertificate(CertificateMessage.java:1232)
	at java.base/sun.security.ssl.CertificateMessage$T13CertificateConsumer.consume(CertificateMessage.java:1175)
	at java.base/sun.security.ssl.SSLHandshake.consume(SSLHandshake.java:396)
	at java.base/sun.security.ssl.HandshakeContext.dispatch(HandshakeContext.java:480)
	at java.base/sun.security.ssl.HandshakeContext.dispatch(HandshakeContext.java:458)
	at java.base/sun.security.ssl.TransportContext.dispatch(TransportContext.java:201)
	at java.base/sun.security.ssl.SSLTransport.decode(SSLTransport.java:172)
	at java.base/sun.security.ssl.SSLSocketImpl.decode(SSLSocketImpl.java:1505)
	at java.base/sun.security.ssl.SSLSocketImpl.readHandshakeRecord(SSLSocketImpl.java:1420)
	at java.base/sun.security.ssl.SSLSocketImpl.startHandshake(SSLSocketImpl.java:455)
	at java.base/sun.security.ssl.SSLSocketImpl.startHandshake(SSLSocketImpl.java:426)
	at java.base/sun.net.www.protocol.https.HttpsClient.afterConnect(HttpsClient.java:580)
	at java.base/sun.net.www.protocol.https.AbstractDelegateHttpsURLConnection.connect(AbstractDelegateHttpsURLConnection.java:187)
	at java.base/sun.net.www.protocol.https.HttpsURLConnectionImpl.connect(HttpsURLConnectionImpl.java:142)
	at com.google.api.client.http.javanet.NetHttpRequest.execute(NetHttpRequest.java:148)
	at com.google.api.client.http.javanet.NetHttpRequest.execute(NetHttpRequest.java:84)
	at com.google.api.client.http.HttpRequest.execute(HttpRequest.java:1012)
	at com.infineon.aurix.buildsystem.notification.NotificationService$NotificationGetJob.run(NotificationService.java:205)
	at org.eclipse.core.internal.jobs.Worker.run(Worker.java:63)
Caused by: sun.security.validator.ValidatorException: PKIX path building failed: sun.security.provider.certpath.SunCertPathBuilderException: unable to find valid certification path to requested target
	at java.base/sun.security.validator.PKIXValidator.doBuild(PKIXValidator.java:439)
	at java.base/sun.security.validator.PKIXValidator.engineValidate(PKIXValidator.java:306)
	at java.base/sun.security.validator.Validator.validate(Validator.java:264)
	at java.base/sun.security.ssl.X509TrustManagerImpl.checkTrusted(X509TrustManagerImpl.java:231)
	at java.base/sun.security.ssl.X509TrustManagerImpl.checkServerTrusted(X509TrustManagerImpl.java:132)
	at java.base/sun.security.ssl.CertificateMessage$T13CertificateConsumer.checkServerCerts(CertificateMessage.java:1341)
	... 19 more
Caused by: sun.security.provider.certpath.SunCertPathBuilderException: unable to find valid certification path to requested target
	at java.base/sun.security.provider.certpath.SunCertPathBuilder.build(SunCertPathBuilder.java:141)
	at java.base/sun.security.provider.certpath.SunCertPathBuilder.engineBuild(SunCertPathBuilder.java:126)
	at java.base/java.security.cert.CertPathBuilder.build(CertPathBuilder.java:297)
	at java.base/sun.security.validator.PKIXValidator.doBuild(PKIXValidator.java:434)
	... 24 more

!ENTRY com.infineon.aurix.buildsystem.analytics 4 0 2025-12-15 21:13:20.584
!MESSAGE PKIX path building failed: sun.security.provider.certpath.SunCertPathBuilderException: unable to find valid certification path to requested target
!STACK 0
javax.net.ssl.SSLHandshakeException: PKIX path building failed: sun.security.provider.certpath.SunCertPathBuilderException: unable to find valid certification path to requested target
	at java.base/sun.security.ssl.Alert.createSSLException(Alert.java:131)
	at java.base/sun.security.ssl.TransportContext.fatal(TransportContext.java:371)
	at java.base/sun.security.ssl.TransportContext.fatal(TransportContext.java:314)
	at java.base/sun.security.ssl.TransportContext.fatal(TransportContext.java:309)
	at java.base/sun.security.ssl.CertificateMessage$T13CertificateConsumer.checkServerCerts(CertificateMessage.java:1357)
	at java.base/sun.security.ssl.CertificateMessage$T13CertificateConsumer.onConsumeCertificate(CertificateMessage.java:1232)
	at java.base/sun.security.ssl.CertificateMessage$T13CertificateConsumer.consume(CertificateMessage.java:1175)
	at java.base/sun.security.ssl.SSLHandshake.consume(SSLHandshake.java:396)
	at java.base/sun.security.ssl.HandshakeContext.dispatch(HandshakeContext.java:480)
	at java.base/sun.security.ssl.HandshakeContext.dispatch(HandshakeContext.java:458)
	at java.base/sun.security.ssl.TransportContext.dispatch(TransportContext.java:201)
	at java.base/sun.security.ssl.SSLTransport.decode(SSLTransport.java:172)
	at java.base/sun.security.ssl.SSLSocketImpl.decode(SSLSocketImpl.java:1505)
	at java.base/sun.security.ssl.SSLSocketImpl.readHandshakeRecord(SSLSocketImpl.java:1420)
	at java.base/sun.security.ssl.SSLSocketImpl.startHandshake(SSLSocketImpl.java:455)
	at java.base/sun.security.ssl.SSLSocketImpl.startHandshake(SSLSocketImpl.java:426)
	at java.base/sun.net.www.protocol.https.HttpsClient.afterConnect(HttpsClient.java:580)
	at java.base/sun.net.www.protocol.https.AbstractDelegateHttpsURLConnection.connect(AbstractDelegateHttpsURLConnection.java:187)
	at java.base/sun.net.www.protocol.http.HttpURLConnection.getOutputStream0(HttpURLConnection.java:1430)
	at java.base/sun.net.www.protocol.http.HttpURLConnection.getOutputStream(HttpURLConnection.java:1401)
	at java.base/sun.net.www.protocol.https.HttpsURLConnectionImpl.getOutputStream(HttpsURLConnectionImpl.java:220)
	at com.google.api.client.http.javanet.NetHttpRequest.execute(NetHttpRequest.java:113)
	at com.google.api.client.http.javanet.NetHttpRequest.execute(NetHttpRequest.java:84)
	at com.google.api.client.http.HttpRequest.execute(HttpRequest.java:1012)
	at com.infineon.aurix.buildsystem.analytics.AnalyticsService$AnalyticsSubmitJob.run(AnalyticsService.java:193)
	at org.eclipse.core.internal.jobs.Worker.run(Worker.java:63)
Caused by: sun.security.validator.ValidatorException: PKIX path building failed: sun.security.provider.certpath.SunCertPathBuilderException: unable to find valid certification path to requested target
	at java.base/sun.security.validator.PKIXValidator.doBuild(PKIXValidator.java:439)
	at java.base/sun.security.validator.PKIXValidator.engineValidate(PKIXValidator.java:306)
	at java.base/sun.security.validator.Validator.validate(Validator.java:264)
	at java.base/sun.security.ssl.X509TrustManagerImpl.checkTrusted(X509TrustManagerImpl.java:231)
	at java.base/sun.security.ssl.X509TrustManagerImpl.checkServerTrusted(X509TrustManagerImpl.java:132)
	at java.base/sun.security.ssl.CertificateMessage$T13CertificateConsumer.checkServerCerts(CertificateMessage.java:1341)
	... 21 more
Caused by: sun.security.provider.certpath.SunCertPathBuilderException: unable to find valid certification path to requested target
	at java.base/sun.security.provider.certpath.SunCertPathBuilder.build(SunCertPathBuilder.java:141)
	at java.base/sun.security.provider.certpath.SunCertPathBuilder.engineBuild(SunCertPathBuilder.java:126)
	at java.base/java.security.cert.CertPathBuilder.build(CertPathBuilder.java:297)
	at java.base/sun.security.validator.PKIXValidator.doBuild(PKIXValidator.java:434)
	... 26 more

!ENTRY com.infineon.aurix.buildsystem 1 0 2025-12-15 21:13:33.297
!MESSAGE Boosting configuration Debug of project E8_13_mt9v03x_ips114_display_demo boosted in 361 milliseconds. (incremental boost)

!ENTRY com.infineon.aurix.buildsystem 1 0 2025-12-15 21:13:33.352
!MESSAGE Include paths were discovered in 52 milliseconds.

!ENTRY com.infineon.aurix.buildsystem.notification 4 0 2025-12-15 21:13:33.416
!MESSAGE PKIX path building failed: sun.security.provider.certpath.SunCertPathBuilderException: unable to find valid certification path to requested target
!STACK 0
javax.net.ssl.SSLHandshakeException: PKIX path building failed: sun.security.provider.certpath.SunCertPathBuilderException: unable to find valid certification path to requested target
	at java.base/sun.security.ssl.Alert.createSSLException(Alert.java:131)
	at java.base/sun.security.ssl.TransportContext.fatal(TransportContext.java:371)
	at java.base/sun.security.ssl.TransportContext.fatal(TransportContext.java:314)
	at java.base/sun.security.ssl.TransportContext.fatal(TransportContext.java:309)
	at java.base/sun.security.ssl.CertificateMessage$T13CertificateConsumer.checkServerCerts(CertificateMessage.java:1357)
	at java.base/sun.security.ssl.CertificateMessage$T13CertificateConsumer.onConsumeCertificate(CertificateMessage.java:1232)
	at java.base/sun.security.ssl.CertificateMessage$T13CertificateConsumer.consume(CertificateMessage.java:1175)
	at java.base/sun.security.ssl.SSLHandshake.consume(SSLHandshake.java:396)
	at java.base/sun.security.ssl.HandshakeContext.dispatch(HandshakeContext.java:480)
	at java.base/sun.security.ssl.HandshakeContext.dispatch(HandshakeContext.java:458)
	at java.base/sun.security.ssl.TransportContext.dispatch(TransportContext.java:201)
	at java.base/sun.security.ssl.SSLTransport.decode(SSLTransport.java:172)
	at java.base/sun.security.ssl.SSLSocketImpl.decode(SSLSocketImpl.java:1505)
	at java.base/sun.security.ssl.SSLSocketImpl.readHandshakeRecord(SSLSocketImpl.java:1420)
	at java.base/sun.security.ssl.SSLSocketImpl.startHandshake(SSLSocketImpl.java:455)
	at java.base/sun.security.ssl.SSLSocketImpl.startHandshake(SSLSocketImpl.java:426)
	at java.base/sun.net.www.protocol.https.HttpsClient.afterConnect(HttpsClient.java:580)
	at java.base/sun.net.www.protocol.https.AbstractDelegateHttpsURLConnection.connect(AbstractDelegateHttpsURLConnection.java:187)
	at java.base/sun.net.www.protocol.https.HttpsURLConnectionImpl.connect(HttpsURLConnectionImpl.java:142)
	at com.google.api.client.http.javanet.NetHttpRequest.execute(NetHttpRequest.java:148)
	at com.google.api.client.http.javanet.NetHttpRequest.execute(NetHttpRequest.java:84)
	at com.google.api.client.http.HttpRequest.execute(HttpRequest.java:1012)
	at com.infineon.aurix.buildsystem.notification.NotificationService$NotificationGetJob.run(NotificationService.java:205)
	at org.eclipse.core.internal.jobs.Worker.run(Worker.java:63)
Caused by: sun.security.validator.ValidatorException: PKIX path building failed: sun.security.provider.certpath.SunCertPathBuilderException: unable to find valid certification path to requested target
	at java.base/sun.security.validator.PKIXValidator.doBuild(PKIXValidator.java:439)
	at java.base/sun.security.validator.PKIXValidator.engineValidate(PKIXValidator.java:306)
	at java.base/sun.security.validator.Validator.validate(Validator.java:264)
	at java.base/sun.security.ssl.X509TrustManagerImpl.checkTrusted(X509TrustManagerImpl.java:231)
	at java.base/sun.security.ssl.X509TrustManagerImpl.checkServerTrusted(X509TrustManagerImpl.java:132)
	at java.base/sun.security.ssl.CertificateMessage$T13CertificateConsumer.checkServerCerts(CertificateMessage.java:1341)
	... 19 more
Caused by: sun.security.provider.certpath.SunCertPathBuilderException: unable to find valid certification path to requested target
	at java.base/sun.security.provider.certpath.SunCertPathBuilder.build(SunCertPathBuilder.java:141)
	at java.base/sun.security.provider.certpath.SunCertPathBuilder.engineBuild(SunCertPathBuilder.java:126)
	at java.base/java.security.cert.CertPathBuilder.build(CertPathBuilder.java:297)
	at java.base/sun.security.validator.PKIXValidator.doBuild(PKIXValidator.java:434)
	... 24 more

!ENTRY com.infineon.aurix.buildsystem.analytics 4 0 2025-12-15 21:13:36.393
!MESSAGE PKIX path building failed: sun.security.provider.certpath.SunCertPathBuilderException: unable to find valid certification path to requested target
!STACK 0
javax.net.ssl.SSLHandshakeException: PKIX path building failed: sun.security.provider.certpath.SunCertPathBuilderException: unable to find valid certification path to requested target
	at java.base/sun.security.ssl.Alert.createSSLException(Alert.java:131)
	at java.base/sun.security.ssl.TransportContext.fatal(TransportContext.java:371)
	at java.base/sun.security.ssl.TransportContext.fatal(TransportContext.java:314)
	at java.base/sun.security.ssl.TransportContext.fatal(TransportContext.java:309)
	at java.base/sun.security.ssl.CertificateMessage$T13CertificateConsumer.checkServerCerts(CertificateMessage.java:1357)
	at java.base/sun.security.ssl.CertificateMessage$T13CertificateConsumer.onConsumeCertificate(CertificateMessage.java:1232)
	at java.base/sun.security.ssl.CertificateMessage$T13CertificateConsumer.consume(CertificateMessage.java:1175)
	at java.base/sun.security.ssl.SSLHandshake.consume(SSLHandshake.java:396)
	at java.base/sun.security.ssl.HandshakeContext.dispatch(HandshakeContext.java:480)
	at java.base/sun.security.ssl.HandshakeContext.dispatch(HandshakeContext.java:458)
	at java.base/sun.security.ssl.TransportContext.dispatch(TransportContext.java:201)
	at java.base/sun.security.ssl.SSLTransport.decode(SSLTransport.java:172)
	at java.base/sun.security.ssl.SSLSocketImpl.decode(SSLSocketImpl.java:1505)
	at java.base/sun.security.ssl.SSLSocketImpl.readHandshakeRecord(SSLSocketImpl.java:1420)
	at java.base/sun.security.ssl.SSLSocketImpl.startHandshake(SSLSocketImpl.java:455)
	at java.base/sun.security.ssl.SSLSocketImpl.startHandshake(SSLSocketImpl.java:426)
	at java.base/sun.net.www.protocol.https.HttpsClient.afterConnect(HttpsClient.java:580)
	at java.base/sun.net.www.protocol.https.AbstractDelegateHttpsURLConnection.connect(AbstractDelegateHttpsURLConnection.java:187)
	at java.base/sun.net.www.protocol.http.HttpURLConnection.getOutputStream0(HttpURLConnection.java:1430)
	at java.base/sun.net.www.protocol.http.HttpURLConnection.getOutputStream(HttpURLConnection.java:1401)
	at java.base/sun.net.www.protocol.https.HttpsURLConnectionImpl.getOutputStream(HttpsURLConnectionImpl.java:220)
	at com.google.api.client.http.javanet.NetHttpRequest.execute(NetHttpRequest.java:113)
	at com.google.api.client.http.javanet.NetHttpRequest.execute(NetHttpRequest.java:84)
	at com.google.api.client.http.HttpRequest.execute(HttpRequest.java:1012)
	at com.infineon.aurix.buildsystem.analytics.AnalyticsService$AnalyticsSubmitJob.run(AnalyticsService.java:193)
	at org.eclipse.core.internal.jobs.Worker.run(Worker.java:63)
Caused by: sun.security.validator.ValidatorException: PKIX path building failed: sun.security.provider.certpath.SunCertPathBuilderException: unable to find valid certification path to requested target
	at java.base/sun.security.validator.PKIXValidator.doBuild(PKIXValidator.java:439)
	at java.base/sun.security.validator.PKIXValidator.engineValidate(PKIXValidator.java:306)
	at java.base/sun.security.validator.Validator.validate(Validator.java:264)
	at java.base/sun.security.ssl.X509TrustManagerImpl.checkTrusted(X509TrustManagerImpl.java:231)
	at java.base/sun.security.ssl.X509TrustManagerImpl.checkServerTrusted(X509TrustManagerImpl.java:132)
	at java.base/sun.security.ssl.CertificateMessage$T13CertificateConsumer.checkServerCerts(CertificateMessage.java:1341)
	... 21 more
Caused by: sun.security.provider.certpath.SunCertPathBuilderException: unable to find valid certification path to requested target
	at java.base/sun.security.provider.certpath.SunCertPathBuilder.build(SunCertPathBuilder.java:141)
	at java.base/sun.security.provider.certpath.SunCertPathBuilder.engineBuild(SunCertPathBuilder.java:126)
	at java.base/java.security.cert.CertPathBuilder.build(CertPathBuilder.java:297)
	at java.base/sun.security.validator.PKIXValidator.doBuild(PKIXValidator.java:434)
	... 26 more

!ENTRY com.infineon.aurix.buildsystem.oneeye 2 0 2025-12-15 21:14:27.869
!MESSAGE OneEye program D:\Aurix\2.56.0.202303101530\startOneEye.batdoesn't exist, or is not executable

!ENTRY com.infineon.aurix.buildsystem.oneeye 2 0 2025-12-15 21:14:28.069
!MESSAGE OneEye program D:\Aurix\2.56.0.202303101530\startOneEye.batdoesn't exist, or is not executable

!ENTRY com.infineon.aurix.buildsystem.oneeye 2 0 2025-12-15 21:14:28.372
!MESSAGE OneEye program D:\Aurix\2.56.0.202303101530\startOneEye.batdoesn't exist, or is not executable

!ENTRY com.infineon.aurix.buildsystem.oneeye 2 0 2025-12-15 21:15:01.479
!MESSAGE OneEye program D:\Aurix\2.56.0.202303101530\startOneEye.batdoesn't exist, or is not executable

!ENTRY com.infineon.aurix.buildsystem.oneeye 2 0 2025-12-15 21:15:02.020
!MESSAGE OneEye program D:\Aurix\2.56.0.202303101530\startOneEye.batdoesn't exist, or is not executable

!ENTRY com.infineon.aurix.buildsystem.oneeye 2 0 2025-12-15 21:15:02.178
!MESSAGE OneEye program D:\Aurix\2.56.0.202303101530\startOneEye.batdoesn't exist, or is not executable

!ENTRY com.infineon.aurix.buildsystem.oneeye 2 0 2025-12-15 21:15:02.372
!MESSAGE OneEye program D:\Aurix\2.56.0.202303101530\startOneEye.batdoesn't exist, or is not executable

!ENTRY com.infineon.aurix.buildsystem.oneeye 2 0 2025-12-15 21:15:04.187
!MESSAGE OneEye program D:\Aurix\2.56.0.202303101530\startOneEye.batdoesn't exist, or is not executable

!ENTRY com.infineon.aurix.buildsystem.oneeye 2 0 2025-12-15 21:15:04.483
!MESSAGE OneEye program D:\Aurix\2.56.0.202303101530\startOneEye.batdoesn't exist, or is not executable

!ENTRY com.infineon.aurix.buildsystem.oneeye 2 0 2025-12-15 21:15:04.598
!MESSAGE OneEye program D:\Aurix\2.56.0.202303101530\startOneEye.batdoesn't exist, or is not executable

!ENTRY com.infineon.aurix.buildsystem.oneeye 2 0 2025-12-15 21:15:04.763
!MESSAGE OneEye program D:\Aurix\2.56.0.202303101530\startOneEye.batdoesn't exist, or is not executable

!ENTRY com.infineon.aurix.buildsystem.oneeye 2 0 2025-12-15 21:15:05.057
!MESSAGE OneEye program D:\Aurix\2.56.0.202303101530\startOneEye.batdoesn't exist, or is not executable

!ENTRY com.infineon.aurix.buildsystem.oneeye 2 0 2025-12-15 21:15:05.537
!MESSAGE OneEye program D:\Aurix\2.56.0.202303101530\startOneEye.batdoesn't exist, or is not executable

!ENTRY com.infineon.aurix.buildsystem.oneeye 2 0 2025-12-15 21:15:05.807
!MESSAGE OneEye program D:\Aurix\2.56.0.202303101530\startOneEye.batdoesn't exist, or is not executable

!ENTRY com.infineon.aurix.buildsystem.oneeye 2 0 2025-12-15 21:15:09.284
!MESSAGE OneEye program D:\Aurix\2.56.0.202303101530\startOneEye.batdoesn't exist, or is not executable

!ENTRY com.infineon.aurix.buildsystem.oneeye 2 0 2025-12-15 21:15:09.450
!MESSAGE OneEye program D:\Aurix\2.56.0.202303101530\startOneEye.batdoesn't exist, or is not executable

!ENTRY com.infineon.aurix.buildsystem.oneeye 2 0 2025-12-15 21:15:10.251
!MESSAGE OneEye program D:\Aurix\2.56.0.202303101530\startOneEye.batdoesn't exist, or is not executable

!ENTRY com.infineon.aurix.buildsystem.oneeye 2 0 2025-12-15 21:15:10.438
!MESSAGE OneEye program D:\Aurix\2.56.0.202303101530\startOneEye.batdoesn't exist, or is not executable

!ENTRY com.infineon.aurix.buildsystem.oneeye 2 0 2025-12-15 21:15:10.640
!MESSAGE OneEye program D:\Aurix\2.56.0.202303101530\startOneEye.batdoesn't exist, or is not executable

!ENTRY com.infineon.aurix.buildsystem.oneeye 2 0 2025-12-15 21:15:10.764
!MESSAGE OneEye program D:\Aurix\2.56.0.202303101530\startOneEye.batdoesn't exist, or is not executable

!ENTRY com.infineon.aurix.buildsystem.oneeye 2 0 2025-12-15 21:15:10.966
!MESSAGE OneEye program D:\Aurix\2.56.0.202303101530\startOneEye.batdoesn't exist, or is not executable

!ENTRY com.infineon.aurix.buildsystem.oneeye 2 0 2025-12-15 21:15:13.122
!MESSAGE OneEye program D:\Aurix\2.56.0.202303101530\startOneEye.batdoesn't exist, or is not executable

!ENTRY com.infineon.aurix.buildsystem.oneeye 2 0 2025-12-15 21:15:13.323
!MESSAGE OneEye program D:\Aurix\2.56.0.202303101530\startOneEye.batdoesn't exist, or is not executable

!ENTRY com.infineon.aurix.buildsystem.oneeye 2 0 2025-12-15 21:15:14.183
!MESSAGE OneEye program D:\Aurix\2.56.0.202303101530\startOneEye.batdoesn't exist, or is not executable

!ENTRY com.infineon.aurix.buildsystem.oneeye 2 0 2025-12-15 21:15:14.587
!MESSAGE OneEye program D:\Aurix\2.56.0.202303101530\startOneEye.batdoesn't exist, or is not executable

!ENTRY com.infineon.aurix.buildsystem.oneeye 2 0 2025-12-15 21:15:15.572
!MESSAGE OneEye program D:\Aurix\2.56.0.202303101530\startOneEye.batdoesn't exist, or is not executable

!ENTRY com.infineon.aurix.buildsystem.oneeye 2 0 2025-12-15 21:15:15.715
!MESSAGE OneEye program D:\Aurix\2.56.0.202303101530\startOneEye.batdoesn't exist, or is not executable

!ENTRY com.infineon.aurix.buildsystem.oneeye 2 0 2025-12-15 21:15:16.941
!MESSAGE OneEye program D:\Aurix\2.56.0.202303101530\startOneEye.batdoesn't exist, or is not executable

!ENTRY com.infineon.aurix.buildsystem.oneeye 2 0 2025-12-15 21:15:19.141
!MESSAGE OneEye program D:\Aurix\2.56.0.202303101530\startOneEye.batdoesn't exist, or is not executable

!ENTRY com.infineon.aurix.buildsystem.oneeye 2 0 2025-12-15 21:15:19.270
!MESSAGE OneEye program D:\Aurix\2.56.0.202303101530\startOneEye.batdoesn't exist, or is not executable

!ENTRY com.infineon.aurix.buildsystem.oneeye 2 0 2025-12-15 21:15:19.444
!MESSAGE OneEye program D:\Aurix\2.56.0.202303101530\startOneEye.batdoesn't exist, or is not executable

!ENTRY com.infineon.aurix.buildsystem.oneeye 2 0 2025-12-15 21:15:19.549
!MESSAGE OneEye program D:\Aurix\2.56.0.202303101530\startOneEye.batdoesn't exist, or is not executable

!ENTRY com.infineon.aurix.buildsystem.oneeye 2 0 2025-12-15 21:15:19.675
!MESSAGE OneEye program D:\Aurix\2.56.0.202303101530\startOneEye.batdoesn't exist, or is not executable

!ENTRY com.infineon.aurix.buildsystem.oneeye 2 0 2025-12-15 21:15:19.880
!MESSAGE OneEye program D:\Aurix\2.56.0.202303101530\startOneEye.batdoesn't exist, or is not executable

!ENTRY com.infineon.aurix.buildsystem.oneeye 2 0 2025-12-15 21:15:20.015
!MESSAGE OneEye program D:\Aurix\2.56.0.202303101530\startOneEye.batdoesn't exist, or is not executable

!ENTRY com.infineon.aurix.buildsystem.oneeye 2 0 2025-12-15 21:15:20.152
!MESSAGE OneEye program D:\Aurix\2.56.0.202303101530\startOneEye.batdoesn't exist, or is not executable

!ENTRY com.infineon.aurix.buildsystem.oneeye 2 0 2025-12-15 21:15:20.273
!MESSAGE OneEye program D:\Aurix\2.56.0.202303101530\startOneEye.batdoesn't exist, or is not executable

!ENTRY com.infineon.aurix.buildsystem.oneeye 2 0 2025-12-15 21:15:20.388
!MESSAGE OneEye program D:\Aurix\2.56.0.202303101530\startOneEye.batdoesn't exist, or is not executable

!ENTRY com.infineon.aurix.buildsystem.oneeye 2 0 2025-12-15 21:15:20.497
!MESSAGE OneEye program D:\Aurix\2.56.0.202303101530\startOneEye.batdoesn't exist, or is not executable

!ENTRY com.infineon.aurix.buildsystem.oneeye 2 0 2025-12-15 21:15:20.606
!MESSAGE OneEye program D:\Aurix\2.56.0.202303101530\startOneEye.batdoesn't exist, or is not executable

!ENTRY com.infineon.aurix.buildsystem.oneeye 2 0 2025-12-15 21:15:20.744
!MESSAGE OneEye program D:\Aurix\2.56.0.202303101530\startOneEye.batdoesn't exist, or is not executable

!ENTRY com.infineon.aurix.buildsystem.oneeye 2 0 2025-12-15 21:15:21.519
!MESSAGE OneEye program D:\Aurix\2.56.0.202303101530\startOneEye.batdoesn't exist, or is not executable

!ENTRY com.infineon.aurix.buildsystem.oneeye 2 0 2025-12-15 21:20:15.060
!MESSAGE OneEye program D:\Aurix\2.56.0.202303101530\startOneEye.batdoesn't exist, or is not executable

!ENTRY com.infineon.aurix.buildsystem.oneeye 2 0 2025-12-15 21:20:15.258
!MESSAGE OneEye program D:\Aurix\2.56.0.202303101530\startOneEye.batdoesn't exist, or is not executable

!ENTRY com.infineon.aurix.buildsystem.oneeye 2 0 2025-12-15 21:20:16.135
!MESSAGE OneEye program D:\Aurix\2.56.0.202303101530\startOneEye.batdoesn't exist, or is not executable

!ENTRY com.infineon.aurix.buildsystem.oneeye 2 0 2025-12-15 21:20:20.438
!MESSAGE OneEye program D:\Aurix\2.56.0.202303101530\startOneEye.batdoesn't exist, or is not executable

!ENTRY com.infineon.aurix.buildsystem.oneeye 2 0 2025-12-15 21:20:20.602
!MESSAGE OneEye program D:\Aurix\2.56.0.202303101530\startOneEye.batdoesn't exist, or is not executable

!ENTRY com.infineon.aurix.buildsystem.oneeye 2 0 2025-12-15 21:20:21.604
!MESSAGE OneEye program D:\Aurix\2.56.0.202303101530\startOneEye.batdoesn't exist, or is not executable

!ENTRY com.infineon.aurix.buildsystem.oneeye 2 0 2025-12-15 21:20:21.778
!MESSAGE OneEye program D:\Aurix\2.56.0.202303101530\startOneEye.batdoesn't exist, or is not executable

!ENTRY com.infineon.aurix.buildsystem.oneeye 2 0 2025-12-15 21:20:23.320
!MESSAGE OneEye program D:\Aurix\2.56.0.202303101530\startOneEye.batdoesn't exist, or is not executable

!ENTRY com.infineon.aurix.buildsystem.oneeye 2 0 2025-12-15 21:20:40.440
!MESSAGE OneEye program D:\Aurix\2.56.0.202303101530\startOneEye.batdoesn't exist, or is not executable

!ENTRY com.infineon.aurix.buildsystem.oneeye 2 0 2025-12-15 21:20:40.869
!MESSAGE OneEye program D:\Aurix\2.56.0.202303101530\startOneEye.batdoesn't exist, or is not executable

!ENTRY com.infineon.aurix.buildsystem.oneeye 2 0 2025-12-15 21:20:41.585
!MESSAGE OneEye program D:\Aurix\2.56.0.202303101530\startOneEye.batdoesn't exist, or is not executable

!ENTRY com.infineon.aurix.buildsystem.oneeye 2 0 2025-12-15 21:32:26.451
!MESSAGE OneEye program D:\Aurix\2.56.0.202303101530\startOneEye.batdoesn't exist, or is not executable

!ENTRY com.infineon.aurix.buildsystem.oneeye 2 0 2025-12-15 21:32:26.856
!MESSAGE OneEye program D:\Aurix\2.56.0.202303101530\startOneEye.batdoesn't exist, or is not executable

!ENTRY com.infineon.aurix.buildsystem.oneeye 2 0 2025-12-15 21:32:28.192
!MESSAGE OneEye program D:\Aurix\2.56.0.202303101530\startOneEye.batdoesn't exist, or is not executable

!ENTRY com.infineon.aurix.buildsystem.oneeye 2 0 2025-12-15 21:32:31.698
!MESSAGE OneEye program D:\Aurix\2.56.0.202303101530\startOneEye.batdoesn't exist, or is not executable

!ENTRY com.infineon.aurix.buildsystem.oneeye 2 0 2025-12-15 21:32:32.920
!MESSAGE OneEye program D:\Aurix\2.56.0.202303101530\startOneEye.batdoesn't exist, or is not executable

!ENTRY com.infineon.aurix.buildsystem.oneeye 2 0 2025-12-15 21:32:33.651
!MESSAGE OneEye program D:\Aurix\2.56.0.202303101530\startOneEye.batdoesn't exist, or is not executable

!ENTRY com.infineon.aurix.buildsystem.oneeye 2 0 2025-12-15 21:32:35.060
!MESSAGE OneEye program D:\Aurix\2.56.0.202303101530\startOneEye.batdoesn't exist, or is not executable

!ENTRY com.infineon.aurix.buildsystem.oneeye 2 0 2025-12-15 21:32:35.213
!MESSAGE OneEye program D:\Aurix\2.56.0.202303101530\startOneEye.batdoesn't exist, or is not executable

!ENTRY com.infineon.aurix.buildsystem.oneeye 2 0 2025-12-15 21:32:42.825
!MESSAGE OneEye program D:\Aurix\2.56.0.202303101530\startOneEye.batdoesn't exist, or is not executable

!ENTRY com.infineon.aurix.buildsystem.oneeye 2 0 2025-12-15 21:32:42.948
!MESSAGE OneEye program D:\Aurix\2.56.0.202303101530\startOneEye.batdoesn't exist, or is not executable

!ENTRY com.infineon.aurix.buildsystem.oneeye 2 0 2025-12-15 21:32:46.387
!MESSAGE OneEye program D:\Aurix\2.56.0.202303101530\startOneEye.batdoesn't exist, or is not executable

!ENTRY com.infineon.aurix.buildsystem.oneeye 2 0 2025-12-15 21:32:46.527
!MESSAGE OneEye program D:\Aurix\2.56.0.202303101530\startOneEye.batdoesn't exist, or is not executable

!ENTRY com.infineon.aurix.buildsystem.oneeye 2 0 2025-12-15 21:32:59.912
!MESSAGE OneEye program D:\Aurix\2.56.0.202303101530\startOneEye.batdoesn't exist, or is not executable

!ENTRY com.infineon.aurix.buildsystem.oneeye 2 0 2025-12-15 21:33:00.022
!MESSAGE OneEye program D:\Aurix\2.56.0.202303101530\startOneEye.batdoesn't exist, or is not executable

!ENTRY com.infineon.aurix.buildsystem.oneeye 2 0 2025-12-15 21:33:00.140
!MESSAGE OneEye program D:\Aurix\2.56.0.202303101530\startOneEye.batdoesn't exist, or is not executable

!ENTRY com.infineon.aurix.buildsystem.oneeye 2 0 2025-12-15 21:33:00.311
!MESSAGE OneEye program D:\Aurix\2.56.0.202303101530\startOneEye.batdoesn't exist, or is not executable

!ENTRY com.infineon.aurix.buildsystem.oneeye 2 0 2025-12-15 21:33:00.618
!MESSAGE OneEye program D:\Aurix\2.56.0.202303101530\startOneEye.batdoesn't exist, or is not executable

!ENTRY com.infineon.aurix.buildsystem.oneeye 2 0 2025-12-15 21:33:09.559
!MESSAGE OneEye program D:\Aurix\2.56.0.202303101530\startOneEye.batdoesn't exist, or is not executable

!ENTRY com.infineon.aurix.buildsystem.oneeye 2 0 2025-12-15 21:33:35.584
!MESSAGE OneEye program D:\Aurix\2.56.0.202303101530\startOneEye.batdoesn't exist, or is not executable

!ENTRY com.infineon.aurix.buildsystem.oneeye 2 0 2025-12-15 21:33:35.826
!MESSAGE OneEye program D:\Aurix\2.56.0.202303101530\startOneEye.batdoesn't exist, or is not executable

!ENTRY com.infineon.aurix.buildsystem.oneeye 2 0 2025-12-15 21:33:36.687
!MESSAGE OneEye program D:\Aurix\2.56.0.202303101530\startOneEye.batdoesn't exist, or is not executable

!ENTRY com.infineon.aurix.buildsystem.oneeye 2 0 2025-12-15 21:34:03.309
!MESSAGE OneEye program D:\Aurix\2.56.0.202303101530\startOneEye.batdoesn't exist, or is not executable

!ENTRY com.infineon.aurix.buildsystem.oneeye 2 0 2025-12-15 21:34:12.977
!MESSAGE OneEye program D:\Aurix\2.56.0.202303101530\startOneEye.batdoesn't exist, or is not executable

!ENTRY com.infineon.aurix.buildsystem.oneeye 2 0 2025-12-15 21:34:13.190
!MESSAGE OneEye program D:\Aurix\2.56.0.202303101530\startOneEye.batdoesn't exist, or is not executable

!ENTRY com.infineon.aurix.buildsystem.oneeye 2 0 2025-12-15 21:34:14.939
!MESSAGE OneEye program D:\Aurix\2.56.0.202303101530\startOneEye.batdoesn't exist, or is not executable

!ENTRY com.infineon.aurix.buildsystem.oneeye 2 0 2025-12-15 21:34:22.422
!MESSAGE OneEye program D:\Aurix\2.56.0.202303101530\startOneEye.batdoesn't exist, or is not executable

!ENTRY com.infineon.aurix.buildsystem.oneeye 2 0 2025-12-15 21:34:24.026
!MESSAGE OneEye program D:\Aurix\2.56.0.202303101530\startOneEye.batdoesn't exist, or is not executable

!ENTRY com.infineon.aurix.buildsystem.oneeye 2 0 2025-12-15 21:34:31.938
!MESSAGE OneEye program D:\Aurix\2.56.0.202303101530\startOneEye.batdoesn't exist, or is not executable

!ENTRY com.infineon.aurix.buildsystem.oneeye 2 0 2025-12-15 21:34:32.231
!MESSAGE OneEye program D:\Aurix\2.56.0.202303101530\startOneEye.batdoesn't exist, or is not executable

!ENTRY com.infineon.aurix.buildsystem.oneeye 2 0 2025-12-15 21:34:33.154
!MESSAGE OneEye program D:\Aurix\2.56.0.202303101530\startOneEye.batdoesn't exist, or is not executable

!ENTRY com.infineon.aurix.buildsystem.oneeye 2 0 2025-12-15 21:34:33.355
!MESSAGE OneEye program D:\Aurix\2.56.0.202303101530\startOneEye.batdoesn't exist, or is not executable

!ENTRY com.infineon.aurix.buildsystem.oneeye 2 0 2025-12-15 21:34:35.089
!MESSAGE OneEye program D:\Aurix\2.56.0.202303101530\startOneEye.batdoesn't exist, or is not executable

!ENTRY com.infineon.aurix.buildsystem.oneeye 2 0 2025-12-15 21:34:39.085
!MESSAGE OneEye program D:\Aurix\2.56.0.202303101530\startOneEye.batdoesn't exist, or is not executable

!ENTRY com.infineon.aurix.buildsystem.oneeye 2 0 2025-12-15 21:34:41.404
!MESSAGE OneEye program D:\Aurix\2.56.0.202303101530\startOneEye.batdoesn't exist, or is not executable

!ENTRY com.infineon.aurix.buildsystem.oneeye 2 0 2025-12-15 21:34:41.931
!MESSAGE OneEye program D:\Aurix\2.56.0.202303101530\startOneEye.batdoesn't exist, or is not executable

!ENTRY com.infineon.aurix.buildsystem.oneeye 2 0 2025-12-15 21:34:42.631
!MESSAGE OneEye program D:\Aurix\2.56.0.202303101530\startOneEye.batdoesn't exist, or is not executable

!ENTRY com.infineon.aurix.buildsystem.oneeye 2 0 2025-12-15 21:34:42.851
!MESSAGE OneEye program D:\Aurix\2.56.0.202303101530\startOneEye.batdoesn't exist, or is not executable

!ENTRY com.infineon.aurix.buildsystem.oneeye 2 0 2025-12-15 21:34:43.124
!MESSAGE OneEye program D:\Aurix\2.56.0.202303101530\startOneEye.batdoesn't exist, or is not executable

!ENTRY com.infineon.aurix.buildsystem.oneeye 2 0 2025-12-15 21:34:43.757
!MESSAGE OneEye program D:\Aurix\2.56.0.202303101530\startOneEye.batdoesn't exist, or is not executable

!ENTRY com.infineon.aurix.buildsystem.oneeye 2 0 2025-12-15 21:34:43.960
!MESSAGE OneEye program D:\Aurix\2.56.0.202303101530\startOneEye.batdoesn't exist, or is not executable

!ENTRY com.infineon.aurix.buildsystem.oneeye 2 0 2025-12-15 21:34:44.800
!MESSAGE OneEye program D:\Aurix\2.56.0.202303101530\startOneEye.batdoesn't exist, or is not executable

!ENTRY com.infineon.aurix.buildsystem.oneeye 2 0 2025-12-15 21:34:46.101
!MESSAGE OneEye program D:\Aurix\2.56.0.202303101530\startOneEye.batdoesn't exist, or is not executable

!ENTRY com.infineon.aurix.buildsystem.oneeye 2 0 2025-12-15 21:34:47.383
!MESSAGE OneEye program D:\Aurix\2.56.0.202303101530\startOneEye.batdoesn't exist, or is not executable

!ENTRY com.infineon.aurix.buildsystem.oneeye 2 0 2025-12-15 21:34:48.811
!MESSAGE OneEye program D:\Aurix\2.56.0.202303101530\startOneEye.batdoesn't exist, or is not executable

!ENTRY com.infineon.aurix.buildsystem.oneeye 2 0 2025-12-15 21:34:49.030
!MESSAGE OneEye program D:\Aurix\2.56.0.202303101530\startOneEye.batdoesn't exist, or is not executable

!ENTRY com.infineon.aurix.buildsystem.notification 4 0 2025-12-15 21:34:49.198
!MESSAGE PKIX path building failed: sun.security.provider.certpath.SunCertPathBuilderException: unable to find valid certification path to requested target
!STACK 0
javax.net.ssl.SSLHandshakeException: PKIX path building failed: sun.security.provider.certpath.SunCertPathBuilderException: unable to find valid certification path to requested target
	at java.base/sun.security.ssl.Alert.createSSLException(Alert.java:131)
	at java.base/sun.security.ssl.TransportContext.fatal(TransportContext.java:371)
	at java.base/sun.security.ssl.TransportContext.fatal(TransportContext.java:314)
	at java.base/sun.security.ssl.TransportContext.fatal(TransportContext.java:309)
	at java.base/sun.security.ssl.CertificateMessage$T13CertificateConsumer.checkServerCerts(CertificateMessage.java:1357)
	at java.base/sun.security.ssl.CertificateMessage$T13CertificateConsumer.onConsumeCertificate(CertificateMessage.java:1232)
	at java.base/sun.security.ssl.CertificateMessage$T13CertificateConsumer.consume(CertificateMessage.java:1175)
	at java.base/sun.security.ssl.SSLHandshake.consume(SSLHandshake.java:396)
	at java.base/sun.security.ssl.HandshakeContext.dispatch(HandshakeContext.java:480)
	at java.base/sun.security.ssl.HandshakeContext.dispatch(HandshakeContext.java:458)
	at java.base/sun.security.ssl.TransportContext.dispatch(TransportContext.java:201)
	at java.base/sun.security.ssl.SSLTransport.decode(SSLTransport.java:172)
	at java.base/sun.security.ssl.SSLSocketImpl.decode(SSLSocketImpl.java:1505)
	at java.base/sun.security.ssl.SSLSocketImpl.readHandshakeRecord(SSLSocketImpl.java:1420)
	at java.base/sun.security.ssl.SSLSocketImpl.startHandshake(SSLSocketImpl.java:455)
	at java.base/sun.security.ssl.SSLSocketImpl.startHandshake(SSLSocketImpl.java:426)
	at java.base/sun.net.www.protocol.https.HttpsClient.afterConnect(HttpsClient.java:580)
	at java.base/sun.net.www.protocol.https.AbstractDelegateHttpsURLConnection.connect(AbstractDelegateHttpsURLConnection.java:187)
	at java.base/sun.net.www.protocol.https.HttpsURLConnectionImpl.connect(HttpsURLConnectionImpl.java:142)
	at com.google.api.client.http.javanet.NetHttpRequest.execute(NetHttpRequest.java:148)
	at com.google.api.client.http.javanet.NetHttpRequest.execute(NetHttpRequest.java:84)
	at com.google.api.client.http.HttpRequest.execute(HttpRequest.java:1012)
	at com.infineon.aurix.buildsystem.notification.NotificationService$NotificationGetJob.run(NotificationService.java:205)
	at org.eclipse.core.internal.jobs.Worker.run(Worker.java:63)
Caused by: sun.security.validator.ValidatorException: PKIX path building failed: sun.security.provider.certpath.SunCertPathBuilderException: unable to find valid certification path to requested target
	at java.base/sun.security.validator.PKIXValidator.doBuild(PKIXValidator.java:439)
	at java.base/sun.security.validator.PKIXValidator.engineValidate(PKIXValidator.java:306)
	at java.base/sun.security.validator.Validator.validate(Validator.java:264)
	at java.base/sun.security.ssl.X509TrustManagerImpl.checkTrusted(X509TrustManagerImpl.java:231)
	at java.base/sun.security.ssl.X509TrustManagerImpl.checkServerTrusted(X509TrustManagerImpl.java:132)
	at java.base/sun.security.ssl.CertificateMessage$T13CertificateConsumer.checkServerCerts(CertificateMessage.java:1341)
	... 19 more
Caused by: sun.security.provider.certpath.SunCertPathBuilderException: unable to find valid certification path to requested target
	at java.base/sun.security.provider.certpath.SunCertPathBuilder.build(SunCertPathBuilder.java:141)
	at java.base/sun.security.provider.certpath.SunCertPathBuilder.engineBuild(SunCertPathBuilder.java:126)
	at java.base/java.security.cert.CertPathBuilder.build(CertPathBuilder.java:297)
	at java.base/sun.security.validator.PKIXValidator.doBuild(PKIXValidator.java:434)
	... 24 more

!ENTRY com.infineon.aurix.buildsystem 1 0 2025-12-15 21:34:50.673
!MESSAGE Boosting configuration Debug of project E8_13_mt9v03x_ips114_display_demo boosted in 1794 milliseconds. (incremental boost)

!ENTRY com.infineon.aurix.buildsystem 1 0 2025-12-15 21:34:50.718
!MESSAGE Include paths were discovered in 44 milliseconds.

!ENTRY com.infineon.aurix.buildsystem.analytics 4 0 2025-12-15 21:34:52.307
!MESSAGE PKIX path building failed: sun.security.provider.certpath.SunCertPathBuilderException: unable to find valid certification path to requested target
!STACK 0
javax.net.ssl.SSLHandshakeException: PKIX path building failed: sun.security.provider.certpath.SunCertPathBuilderException: unable to find valid certification path to requested target
	at java.base/sun.security.ssl.Alert.createSSLException(Alert.java:131)
	at java.base/sun.security.ssl.TransportContext.fatal(TransportContext.java:371)
	at java.base/sun.security.ssl.TransportContext.fatal(TransportContext.java:314)
	at java.base/sun.security.ssl.TransportContext.fatal(TransportContext.java:309)
	at java.base/sun.security.ssl.CertificateMessage$T13CertificateConsumer.checkServerCerts(CertificateMessage.java:1357)
	at java.base/sun.security.ssl.CertificateMessage$T13CertificateConsumer.onConsumeCertificate(CertificateMessage.java:1232)
	at java.base/sun.security.ssl.CertificateMessage$T13CertificateConsumer.consume(CertificateMessage.java:1175)
	at java.base/sun.security.ssl.SSLHandshake.consume(SSLHandshake.java:396)
	at java.base/sun.security.ssl.HandshakeContext.dispatch(HandshakeContext.java:480)
	at java.base/sun.security.ssl.HandshakeContext.dispatch(HandshakeContext.java:458)
	at java.base/sun.security.ssl.TransportContext.dispatch(TransportContext.java:201)
	at java.base/sun.security.ssl.SSLTransport.decode(SSLTransport.java:172)
	at java.base/sun.security.ssl.SSLSocketImpl.decode(SSLSocketImpl.java:1505)
	at java.base/sun.security.ssl.SSLSocketImpl.readHandshakeRecord(SSLSocketImpl.java:1420)
	at java.base/sun.security.ssl.SSLSocketImpl.startHandshake(SSLSocketImpl.java:455)
	at java.base/sun.security.ssl.SSLSocketImpl.startHandshake(SSLSocketImpl.java:426)
	at java.base/sun.net.www.protocol.https.HttpsClient.afterConnect(HttpsClient.java:580)
	at java.base/sun.net.www.protocol.https.AbstractDelegateHttpsURLConnection.connect(AbstractDelegateHttpsURLConnection.java:187)
	at java.base/sun.net.www.protocol.http.HttpURLConnection.getOutputStream0(HttpURLConnection.java:1430)
	at java.base/sun.net.www.protocol.http.HttpURLConnection.getOutputStream(HttpURLConnection.java:1401)
	at java.base/sun.net.www.protocol.https.HttpsURLConnectionImpl.getOutputStream(HttpsURLConnectionImpl.java:220)
	at com.google.api.client.http.javanet.NetHttpRequest.execute(NetHttpRequest.java:113)
	at com.google.api.client.http.javanet.NetHttpRequest.execute(NetHttpRequest.java:84)
	at com.google.api.client.http.HttpRequest.execute(HttpRequest.java:1012)
	at com.infineon.aurix.buildsystem.analytics.AnalyticsService$AnalyticsSubmitJob.run(AnalyticsService.java:193)
	at org.eclipse.core.internal.jobs.Worker.run(Worker.java:63)
Caused by: sun.security.validator.ValidatorException: PKIX path building failed: sun.security.provider.certpath.SunCertPathBuilderException: unable to find valid certification path to requested target
	at java.base/sun.security.validator.PKIXValidator.doBuild(PKIXValidator.java:439)
	at java.base/sun.security.validator.PKIXValidator.engineValidate(PKIXValidator.java:306)
	at java.base/sun.security.validator.Validator.validate(Validator.java:264)
	at java.base/sun.security.ssl.X509TrustManagerImpl.checkTrusted(X509TrustManagerImpl.java:231)
	at java.base/sun.security.ssl.X509TrustManagerImpl.checkServerTrusted(X509TrustManagerImpl.java:132)
	at java.base/sun.security.ssl.CertificateMessage$T13CertificateConsumer.checkServerCerts(CertificateMessage.java:1341)
	... 21 more
Caused by: sun.security.provider.certpath.SunCertPathBuilderException: unable to find valid certification path to requested target
	at java.base/sun.security.provider.certpath.SunCertPathBuilder.build(SunCertPathBuilder.java:141)
	at java.base/sun.security.provider.certpath.SunCertPathBuilder.engineBuild(SunCertPathBuilder.java:126)
	at java.base/java.security.cert.CertPathBuilder.build(CertPathBuilder.java:297)
	at java.base/sun.security.validator.PKIXValidator.doBuild(PKIXValidator.java:434)
	... 26 more

!ENTRY com.infineon.aurix.buildsystem 1 0 2025-12-15 21:35:11.162
!MESSAGE Boosting configuration Debug of project E8_13_mt9v03x_ips114_display_demo boosted in 325 milliseconds. (incremental boost)

!ENTRY com.infineon.aurix.buildsystem 1 0 2025-12-15 21:35:11.229
!MESSAGE Include paths were discovered in 66 milliseconds.

!ENTRY com.infineon.aurix.buildsystem.notification 4 0 2025-12-15 21:35:11.437
!MESSAGE PKIX path building failed: sun.security.provider.certpath.SunCertPathBuilderException: unable to find valid certification path to requested target
!STACK 0
javax.net.ssl.SSLHandshakeException: PKIX path building failed: sun.security.provider.certpath.SunCertPathBuilderException: unable to find valid certification path to requested target
	at java.base/sun.security.ssl.Alert.createSSLException(Alert.java:131)
	at java.base/sun.security.ssl.TransportContext.fatal(TransportContext.java:371)
	at java.base/sun.security.ssl.TransportContext.fatal(TransportContext.java:314)
	at java.base/sun.security.ssl.TransportContext.fatal(TransportContext.java:309)
	at java.base/sun.security.ssl.CertificateMessage$T13CertificateConsumer.checkServerCerts(CertificateMessage.java:1357)
	at java.base/sun.security.ssl.CertificateMessage$T13CertificateConsumer.onConsumeCertificate(CertificateMessage.java:1232)
	at java.base/sun.security.ssl.CertificateMessage$T13CertificateConsumer.consume(CertificateMessage.java:1175)
	at java.base/sun.security.ssl.SSLHandshake.consume(SSLHandshake.java:396)
	at java.base/sun.security.ssl.HandshakeContext.dispatch(HandshakeContext.java:480)
	at java.base/sun.security.ssl.HandshakeContext.dispatch(HandshakeContext.java:458)
	at java.base/sun.security.ssl.TransportContext.dispatch(TransportContext.java:201)
	at java.base/sun.security.ssl.SSLTransport.decode(SSLTransport.java:172)
	at java.base/sun.security.ssl.SSLSocketImpl.decode(SSLSocketImpl.java:1505)
	at java.base/sun.security.ssl.SSLSocketImpl.readHandshakeRecord(SSLSocketImpl.java:1420)
	at java.base/sun.security.ssl.SSLSocketImpl.startHandshake(SSLSocketImpl.java:455)
	at java.base/sun.security.ssl.SSLSocketImpl.startHandshake(SSLSocketImpl.java:426)
	at java.base/sun.net.www.protocol.https.HttpsClient.afterConnect(HttpsClient.java:580)
	at java.base/sun.net.www.protocol.https.AbstractDelegateHttpsURLConnection.connect(AbstractDelegateHttpsURLConnection.java:187)
	at java.base/sun.net.www.protocol.https.HttpsURLConnectionImpl.connect(HttpsURLConnectionImpl.java:142)
	at com.google.api.client.http.javanet.NetHttpRequest.execute(NetHttpRequest.java:148)
	at com.google.api.client.http.javanet.NetHttpRequest.execute(NetHttpRequest.java:84)
	at com.google.api.client.http.HttpRequest.execute(HttpRequest.java:1012)
	at com.infineon.aurix.buildsystem.notification.NotificationService$NotificationGetJob.run(NotificationService.java:205)
	at org.eclipse.core.internal.jobs.Worker.run(Worker.java:63)
Caused by: sun.security.validator.ValidatorException: PKIX path building failed: sun.security.provider.certpath.SunCertPathBuilderException: unable to find valid certification path to requested target
	at java.base/sun.security.validator.PKIXValidator.doBuild(PKIXValidator.java:439)
	at java.base/sun.security.validator.PKIXValidator.engineValidate(PKIXValidator.java:306)
	at java.base/sun.security.validator.Validator.validate(Validator.java:264)
	at java.base/sun.security.ssl.X509TrustManagerImpl.checkTrusted(X509TrustManagerImpl.java:231)
	at java.base/sun.security.ssl.X509TrustManagerImpl.checkServerTrusted(X509TrustManagerImpl.java:132)
	at java.base/sun.security.ssl.CertificateMessage$T13CertificateConsumer.checkServerCerts(CertificateMessage.java:1341)
	... 19 more
Caused by: sun.security.provider.certpath.SunCertPathBuilderException: unable to find valid certification path to requested target
	at java.base/sun.security.provider.certpath.SunCertPathBuilder.build(SunCertPathBuilder.java:141)
	at java.base/sun.security.provider.certpath.SunCertPathBuilder.engineBuild(SunCertPathBuilder.java:126)
	at java.base/java.security.cert.CertPathBuilder.build(CertPathBuilder.java:297)
	at java.base/sun.security.validator.PKIXValidator.doBuild(PKIXValidator.java:434)
	... 24 more

!ENTRY com.infineon.aurix.buildsystem.analytics 4 0 2025-12-15 21:35:12.891
!MESSAGE PKIX path building failed: sun.security.provider.certpath.SunCertPathBuilderException: unable to find valid certification path to requested target
!STACK 0
javax.net.ssl.SSLHandshakeException: PKIX path building failed: sun.security.provider.certpath.SunCertPathBuilderException: unable to find valid certification path to requested target
	at java.base/sun.security.ssl.Alert.createSSLException(Alert.java:131)
	at java.base/sun.security.ssl.TransportContext.fatal(TransportContext.java:371)
	at java.base/sun.security.ssl.TransportContext.fatal(TransportContext.java:314)
	at java.base/sun.security.ssl.TransportContext.fatal(TransportContext.java:309)
	at java.base/sun.security.ssl.CertificateMessage$T13CertificateConsumer.checkServerCerts(CertificateMessage.java:1357)
	at java.base/sun.security.ssl.CertificateMessage$T13CertificateConsumer.onConsumeCertificate(CertificateMessage.java:1232)
	at java.base/sun.security.ssl.CertificateMessage$T13CertificateConsumer.consume(CertificateMessage.java:1175)
	at java.base/sun.security.ssl.SSLHandshake.consume(SSLHandshake.java:396)
	at java.base/sun.security.ssl.HandshakeContext.dispatch(HandshakeContext.java:480)
	at java.base/sun.security.ssl.HandshakeContext.dispatch(HandshakeContext.java:458)
	at java.base/sun.security.ssl.TransportContext.dispatch(TransportContext.java:201)
	at java.base/sun.security.ssl.SSLTransport.decode(SSLTransport.java:172)
	at java.base/sun.security.ssl.SSLSocketImpl.decode(SSLSocketImpl.java:1505)
	at java.base/sun.security.ssl.SSLSocketImpl.readHandshakeRecord(SSLSocketImpl.java:1420)
	at java.base/sun.security.ssl.SSLSocketImpl.startHandshake(SSLSocketImpl.java:455)
	at java.base/sun.security.ssl.SSLSocketImpl.startHandshake(SSLSocketImpl.java:426)
	at java.base/sun.net.www.protocol.https.HttpsClient.afterConnect(HttpsClient.java:580)
	at java.base/sun.net.www.protocol.https.AbstractDelegateHttpsURLConnection.connect(AbstractDelegateHttpsURLConnection.java:187)
	at java.base/sun.net.www.protocol.http.HttpURLConnection.getOutputStream0(HttpURLConnection.java:1430)
	at java.base/sun.net.www.protocol.http.HttpURLConnection.getOutputStream(HttpURLConnection.java:1401)
	at java.base/sun.net.www.protocol.https.HttpsURLConnectionImpl.getOutputStream(HttpsURLConnectionImpl.java:220)
	at com.google.api.client.http.javanet.NetHttpRequest.execute(NetHttpRequest.java:113)
	at com.google.api.client.http.javanet.NetHttpRequest.execute(NetHttpRequest.java:84)
	at com.google.api.client.http.HttpRequest.execute(HttpRequest.java:1012)
	at com.infineon.aurix.buildsystem.analytics.AnalyticsService$AnalyticsSubmitJob.run(AnalyticsService.java:193)
	at org.eclipse.core.internal.jobs.Worker.run(Worker.java:63)
Caused by: sun.security.validator.ValidatorException: PKIX path building failed: sun.security.provider.certpath.SunCertPathBuilderException: unable to find valid certification path to requested target
	at java.base/sun.security.validator.PKIXValidator.doBuild(PKIXValidator.java:439)
	at java.base/sun.security.validator.PKIXValidator.engineValidate(PKIXValidator.java:306)
	at java.base/sun.security.validator.Validator.validate(Validator.java:264)
	at java.base/sun.security.ssl.X509TrustManagerImpl.checkTrusted(X509TrustManagerImpl.java:231)
	at java.base/sun.security.ssl.X509TrustManagerImpl.checkServerTrusted(X509TrustManagerImpl.java:132)
	at java.base/sun.security.ssl.CertificateMessage$T13CertificateConsumer.checkServerCerts(CertificateMessage.java:1341)
	... 21 more
Caused by: sun.security.provider.certpath.SunCertPathBuilderException: unable to find valid certification path to requested target
	at java.base/sun.security.provider.certpath.SunCertPathBuilder.build(SunCertPathBuilder.java:141)
	at java.base/sun.security.provider.certpath.SunCertPathBuilder.engineBuild(SunCertPathBuilder.java:126)
	at java.base/java.security.cert.CertPathBuilder.build(CertPathBuilder.java:297)
	at java.base/sun.security.validator.PKIXValidator.doBuild(PKIXValidator.java:434)
	... 26 more

!ENTRY com.infineon.aurix.buildsystem.notification 4 0 2025-12-15 21:35:40.721
!MESSAGE PKIX path building failed: sun.security.provider.certpath.SunCertPathBuilderException: unable to find valid certification path to requested target
!STACK 0
javax.net.ssl.SSLHandshakeException: PKIX path building failed: sun.security.provider.certpath.SunCertPathBuilderException: unable to find valid certification path to requested target
	at java.base/sun.security.ssl.Alert.createSSLException(Alert.java:131)
	at java.base/sun.security.ssl.TransportContext.fatal(TransportContext.java:371)
	at java.base/sun.security.ssl.TransportContext.fatal(TransportContext.java:314)
	at java.base/sun.security.ssl.TransportContext.fatal(TransportContext.java:309)
	at java.base/sun.security.ssl.CertificateMessage$T13CertificateConsumer.checkServerCerts(CertificateMessage.java:1357)
	at java.base/sun.security.ssl.CertificateMessage$T13CertificateConsumer.onConsumeCertificate(CertificateMessage.java:1232)
	at java.base/sun.security.ssl.CertificateMessage$T13CertificateConsumer.consume(CertificateMessage.java:1175)
	at java.base/sun.security.ssl.SSLHandshake.consume(SSLHandshake.java:396)
	at java.base/sun.security.ssl.HandshakeContext.dispatch(HandshakeContext.java:480)
	at java.base/sun.security.ssl.HandshakeContext.dispatch(HandshakeContext.java:458)
	at java.base/sun.security.ssl.TransportContext.dispatch(TransportContext.java:201)
	at java.base/sun.security.ssl.SSLTransport.decode(SSLTransport.java:172)
	at java.base/sun.security.ssl.SSLSocketImpl.decode(SSLSocketImpl.java:1505)
	at java.base/sun.security.ssl.SSLSocketImpl.readHandshakeRecord(SSLSocketImpl.java:1420)
	at java.base/sun.security.ssl.SSLSocketImpl.startHandshake(SSLSocketImpl.java:455)
	at java.base/sun.security.ssl.SSLSocketImpl.startHandshake(SSLSocketImpl.java:426)
	at java.base/sun.net.www.protocol.https.HttpsClient.afterConnect(HttpsClient.java:580)
	at java.base/sun.net.www.protocol.https.AbstractDelegateHttpsURLConnection.connect(AbstractDelegateHttpsURLConnection.java:187)
	at java.base/sun.net.www.protocol.https.HttpsURLConnectionImpl.connect(HttpsURLConnectionImpl.java:142)
	at com.google.api.client.http.javanet.NetHttpRequest.execute(NetHttpRequest.java:148)
	at com.google.api.client.http.javanet.NetHttpRequest.execute(NetHttpRequest.java:84)
	at com.google.api.client.http.HttpRequest.execute(HttpRequest.java:1012)
	at com.infineon.aurix.buildsystem.notification.NotificationService$NotificationGetJob.run(NotificationService.java:205)
	at org.eclipse.core.internal.jobs.Worker.run(Worker.java:63)
Caused by: sun.security.validator.ValidatorException: PKIX path building failed: sun.security.provider.certpath.SunCertPathBuilderException: unable to find valid certification path to requested target
	at java.base/sun.security.validator.PKIXValidator.doBuild(PKIXValidator.java:439)
	at java.base/sun.security.validator.PKIXValidator.engineValidate(PKIXValidator.java:306)
	at java.base/sun.security.validator.Validator.validate(Validator.java:264)
	at java.base/sun.security.ssl.X509TrustManagerImpl.checkTrusted(X509TrustManagerImpl.java:231)
	at java.base/sun.security.ssl.X509TrustManagerImpl.checkServerTrusted(X509TrustManagerImpl.java:132)
	at java.base/sun.security.ssl.CertificateMessage$T13CertificateConsumer.checkServerCerts(CertificateMessage.java:1341)
	... 19 more
Caused by: sun.security.provider.certpath.SunCertPathBuilderException: unable to find valid certification path to requested target
	at java.base/sun.security.provider.certpath.SunCertPathBuilder.build(SunCertPathBuilder.java:141)
	at java.base/sun.security.provider.certpath.SunCertPathBuilder.engineBuild(SunCertPathBuilder.java:126)
	at java.base/java.security.cert.CertPathBuilder.build(CertPathBuilder.java:297)
	at java.base/sun.security.validator.PKIXValidator.doBuild(PKIXValidator.java:434)
	... 24 more

!ENTRY com.infineon.aurix.buildsystem 1 0 2025-12-15 21:35:40.757
!MESSAGE Boosting configuration Debug of project E8_13_mt9v03x_ips114_display_demo boosted in 379 milliseconds. (incremental boost)

!ENTRY com.infineon.aurix.buildsystem 1 0 2025-12-15 21:35:40.807
!MESSAGE Include paths were discovered in 47 milliseconds.

!ENTRY com.infineon.aurix.buildsystem.analytics 4 0 2025-12-15 21:35:43.637
!MESSAGE PKIX path building failed: sun.security.provider.certpath.SunCertPathBuilderException: unable to find valid certification path to requested target
!STACK 0
javax.net.ssl.SSLHandshakeException: PKIX path building failed: sun.security.provider.certpath.SunCertPathBuilderException: unable to find valid certification path to requested target
	at java.base/sun.security.ssl.Alert.createSSLException(Alert.java:131)
	at java.base/sun.security.ssl.TransportContext.fatal(TransportContext.java:371)
	at java.base/sun.security.ssl.TransportContext.fatal(TransportContext.java:314)
	at java.base/sun.security.ssl.TransportContext.fatal(TransportContext.java:309)
	at java.base/sun.security.ssl.CertificateMessage$T13CertificateConsumer.checkServerCerts(CertificateMessage.java:1357)
	at java.base/sun.security.ssl.CertificateMessage$T13CertificateConsumer.onConsumeCertificate(CertificateMessage.java:1232)
	at java.base/sun.security.ssl.CertificateMessage$T13CertificateConsumer.consume(CertificateMessage.java:1175)
	at java.base/sun.security.ssl.SSLHandshake.consume(SSLHandshake.java:396)
	at java.base/sun.security.ssl.HandshakeContext.dispatch(HandshakeContext.java:480)
	at java.base/sun.security.ssl.HandshakeContext.dispatch(HandshakeContext.java:458)
	at java.base/sun.security.ssl.TransportContext.dispatch(TransportContext.java:201)
	at java.base/sun.security.ssl.SSLTransport.decode(SSLTransport.java:172)
	at java.base/sun.security.ssl.SSLSocketImpl.decode(SSLSocketImpl.java:1505)
	at java.base/sun.security.ssl.SSLSocketImpl.readHandshakeRecord(SSLSocketImpl.java:1420)
	at java.base/sun.security.ssl.SSLSocketImpl.startHandshake(SSLSocketImpl.java:455)
	at java.base/sun.security.ssl.SSLSocketImpl.startHandshake(SSLSocketImpl.java:426)
	at java.base/sun.net.www.protocol.https.HttpsClient.afterConnect(HttpsClient.java:580)
	at java.base/sun.net.www.protocol.https.AbstractDelegateHttpsURLConnection.connect(AbstractDelegateHttpsURLConnection.java:187)
	at java.base/sun.net.www.protocol.http.HttpURLConnection.getOutputStream0(HttpURLConnection.java:1430)
	at java.base/sun.net.www.protocol.http.HttpURLConnection.getOutputStream(HttpURLConnection.java:1401)
	at java.base/sun.net.www.protocol.https.HttpsURLConnectionImpl.getOutputStream(HttpsURLConnectionImpl.java:220)
	at com.google.api.client.http.javanet.NetHttpRequest.execute(NetHttpRequest.java:113)
	at com.google.api.client.http.javanet.NetHttpRequest.execute(NetHttpRequest.java:84)
	at com.google.api.client.http.HttpRequest.execute(HttpRequest.java:1012)
	at com.infineon.aurix.buildsystem.analytics.AnalyticsService$AnalyticsSubmitJob.run(AnalyticsService.java:193)
	at org.eclipse.core.internal.jobs.Worker.run(Worker.java:63)
Caused by: sun.security.validator.ValidatorException: PKIX path building failed: sun.security.provider.certpath.SunCertPathBuilderException: unable to find valid certification path to requested target
	at java.base/sun.security.validator.PKIXValidator.doBuild(PKIXValidator.java:439)
	at java.base/sun.security.validator.PKIXValidator.engineValidate(PKIXValidator.java:306)
	at java.base/sun.security.validator.Validator.validate(Validator.java:264)
	at java.base/sun.security.ssl.X509TrustManagerImpl.checkTrusted(X509TrustManagerImpl.java:231)
	at java.base/sun.security.ssl.X509TrustManagerImpl.checkServerTrusted(X509TrustManagerImpl.java:132)
	at java.base/sun.security.ssl.CertificateMessage$T13CertificateConsumer.checkServerCerts(CertificateMessage.java:1341)
	... 21 more
Caused by: sun.security.provider.certpath.SunCertPathBuilderException: unable to find valid certification path to requested target
	at java.base/sun.security.provider.certpath.SunCertPathBuilder.build(SunCertPathBuilder.java:141)
	at java.base/sun.security.provider.certpath.SunCertPathBuilder.engineBuild(SunCertPathBuilder.java:126)
	at java.base/java.security.cert.CertPathBuilder.build(CertPathBuilder.java:297)
	at java.base/sun.security.validator.PKIXValidator.doBuild(PKIXValidator.java:434)
	... 26 more

!ENTRY com.infineon.aurix.buildsystem.oneeye 2 0 2025-12-15 21:39:06.666
!MESSAGE OneEye program D:\Aurix\2.56.0.202303101530\startOneEye.batdoesn't exist, or is not executable

!ENTRY com.infineon.aurix.buildsystem.oneeye 2 0 2025-12-15 21:39:06.834
!MESSAGE OneEye program D:\Aurix\2.56.0.202303101530\startOneEye.batdoesn't exist, or is not executable

!ENTRY com.infineon.aurix.buildsystem.oneeye 2 0 2025-12-15 21:39:07.447
!MESSAGE OneEye program D:\Aurix\2.56.0.202303101530\startOneEye.batdoesn't exist, or is not executable

!ENTRY com.infineon.aurix.buildsystem.oneeye 2 0 2025-12-15 21:39:07.934
!MESSAGE OneEye program D:\Aurix\2.56.0.202303101530\startOneEye.batdoesn't exist, or is not executable

!ENTRY com.infineon.aurix.buildsystem.oneeye 2 0 2025-12-15 21:39:43.167
!MESSAGE OneEye program D:\Aurix\2.56.0.202303101530\startOneEye.batdoesn't exist, or is not executable

!ENTRY com.infineon.aurix.buildsystem.oneeye 2 0 2025-12-15 21:39:43.346
!MESSAGE OneEye program D:\Aurix\2.56.0.202303101530\startOneEye.batdoesn't exist, or is not executable

!ENTRY com.infineon.aurix.buildsystem.notification 4 0 2025-12-15 21:39:44.626
!MESSAGE PKIX path building failed: sun.security.provider.certpath.SunCertPathBuilderException: unable to find valid certification path to requested target
!STACK 0
javax.net.ssl.SSLHandshakeException: PKIX path building failed: sun.security.provider.certpath.SunCertPathBuilderException: unable to find valid certification path to requested target
	at java.base/sun.security.ssl.Alert.createSSLException(Alert.java:131)
	at java.base/sun.security.ssl.TransportContext.fatal(TransportContext.java:371)
	at java.base/sun.security.ssl.TransportContext.fatal(TransportContext.java:314)
	at java.base/sun.security.ssl.TransportContext.fatal(TransportContext.java:309)
	at java.base/sun.security.ssl.CertificateMessage$T13CertificateConsumer.checkServerCerts(CertificateMessage.java:1357)
	at java.base/sun.security.ssl.CertificateMessage$T13CertificateConsumer.onConsumeCertificate(CertificateMessage.java:1232)
	at java.base/sun.security.ssl.CertificateMessage$T13CertificateConsumer.consume(CertificateMessage.java:1175)
	at java.base/sun.security.ssl.SSLHandshake.consume(SSLHandshake.java:396)
	at java.base/sun.security.ssl.HandshakeContext.dispatch(HandshakeContext.java:480)
	at java.base/sun.security.ssl.HandshakeContext.dispatch(HandshakeContext.java:458)
	at java.base/sun.security.ssl.TransportContext.dispatch(TransportContext.java:201)
	at java.base/sun.security.ssl.SSLTransport.decode(SSLTransport.java:172)
	at java.base/sun.security.ssl.SSLSocketImpl.decode(SSLSocketImpl.java:1505)
	at java.base/sun.security.ssl.SSLSocketImpl.readHandshakeRecord(SSLSocketImpl.java:1420)
	at java.base/sun.security.ssl.SSLSocketImpl.startHandshake(SSLSocketImpl.java:455)
	at java.base/sun.security.ssl.SSLSocketImpl.startHandshake(SSLSocketImpl.java:426)
	at java.base/sun.net.www.protocol.https.HttpsClient.afterConnect(HttpsClient.java:580)
	at java.base/sun.net.www.protocol.https.AbstractDelegateHttpsURLConnection.connect(AbstractDelegateHttpsURLConnection.java:187)
	at java.base/sun.net.www.protocol.https.HttpsURLConnectionImpl.connect(HttpsURLConnectionImpl.java:142)
	at com.google.api.client.http.javanet.NetHttpRequest.execute(NetHttpRequest.java:148)
	at com.google.api.client.http.javanet.NetHttpRequest.execute(NetHttpRequest.java:84)
	at com.google.api.client.http.HttpRequest.execute(HttpRequest.java:1012)
	at com.infineon.aurix.buildsystem.notification.NotificationService$NotificationGetJob.run(NotificationService.java:205)
	at org.eclipse.core.internal.jobs.Worker.run(Worker.java:63)
Caused by: sun.security.validator.ValidatorException: PKIX path building failed: sun.security.provider.certpath.SunCertPathBuilderException: unable to find valid certification path to requested target
	at java.base/sun.security.validator.PKIXValidator.doBuild(PKIXValidator.java:439)
	at java.base/sun.security.validator.PKIXValidator.engineValidate(PKIXValidator.java:306)
	at java.base/sun.security.validator.Validator.validate(Validator.java:264)
	at java.base/sun.security.ssl.X509TrustManagerImpl.checkTrusted(X509TrustManagerImpl.java:231)
	at java.base/sun.security.ssl.X509TrustManagerImpl.checkServerTrusted(X509TrustManagerImpl.java:132)
	at java.base/sun.security.ssl.CertificateMessage$T13CertificateConsumer.checkServerCerts(CertificateMessage.java:1341)
	... 19 more
Caused by: sun.security.provider.certpath.SunCertPathBuilderException: unable to find valid certification path to requested target
	at java.base/sun.security.provider.certpath.SunCertPathBuilder.build(SunCertPathBuilder.java:141)
	at java.base/sun.security.provider.certpath.SunCertPathBuilder.engineBuild(SunCertPathBuilder.java:126)
	at java.base/java.security.cert.CertPathBuilder.build(CertPathBuilder.java:297)
	at java.base/sun.security.validator.PKIXValidator.doBuild(PKIXValidator.java:434)
	... 24 more

!ENTRY com.infineon.aurix.buildsystem 1 0 2025-12-15 21:39:44.686
!MESSAGE Boosting configuration Debug of project E8_13_mt9v03x_ips114_display_demo boosted in 367 milliseconds. (incremental boost)

!ENTRY com.infineon.aurix.buildsystem 1 0 2025-12-15 21:39:44.735
!MESSAGE Include paths were discovered in 47 milliseconds.

!ENTRY com.infineon.aurix.buildsystem.oneeye 2 0 2025-12-15 21:39:45.135
!MESSAGE OneEye program D:\Aurix\2.56.0.202303101530\startOneEye.batdoesn't exist, or is not executable

!ENTRY com.infineon.aurix.buildsystem.oneeye 2 0 2025-12-15 21:39:45.296
!MESSAGE OneEye program D:\Aurix\2.56.0.202303101530\startOneEye.batdoesn't exist, or is not executable

!ENTRY com.infineon.aurix.buildsystem.analytics 4 0 2025-12-15 21:39:49.549
!MESSAGE PKIX path building failed: sun.security.provider.certpath.SunCertPathBuilderException: unable to find valid certification path to requested target
!STACK 0
javax.net.ssl.SSLHandshakeException: PKIX path building failed: sun.security.provider.certpath.SunCertPathBuilderException: unable to find valid certification path to requested target
	at java.base/sun.security.ssl.Alert.createSSLException(Alert.java:131)
	at java.base/sun.security.ssl.TransportContext.fatal(TransportContext.java:371)
	at java.base/sun.security.ssl.TransportContext.fatal(TransportContext.java:314)
	at java.base/sun.security.ssl.TransportContext.fatal(TransportContext.java:309)
	at java.base/sun.security.ssl.CertificateMessage$T13CertificateConsumer.checkServerCerts(CertificateMessage.java:1357)
	at java.base/sun.security.ssl.CertificateMessage$T13CertificateConsumer.onConsumeCertificate(CertificateMessage.java:1232)
	at java.base/sun.security.ssl.CertificateMessage$T13CertificateConsumer.consume(CertificateMessage.java:1175)
	at java.base/sun.security.ssl.SSLHandshake.consume(SSLHandshake.java:396)
	at java.base/sun.security.ssl.HandshakeContext.dispatch(HandshakeContext.java:480)
	at java.base/sun.security.ssl.HandshakeContext.dispatch(HandshakeContext.java:458)
	at java.base/sun.security.ssl.TransportContext.dispatch(TransportContext.java:201)
	at java.base/sun.security.ssl.SSLTransport.decode(SSLTransport.java:172)
	at java.base/sun.security.ssl.SSLSocketImpl.decode(SSLSocketImpl.java:1505)
	at java.base/sun.security.ssl.SSLSocketImpl.readHandshakeRecord(SSLSocketImpl.java:1420)
	at java.base/sun.security.ssl.SSLSocketImpl.startHandshake(SSLSocketImpl.java:455)
	at java.base/sun.security.ssl.SSLSocketImpl.startHandshake(SSLSocketImpl.java:426)
	at java.base/sun.net.www.protocol.https.HttpsClient.afterConnect(HttpsClient.java:580)
	at java.base/sun.net.www.protocol.https.AbstractDelegateHttpsURLConnection.connect(AbstractDelegateHttpsURLConnection.java:187)
	at java.base/sun.net.www.protocol.http.HttpURLConnection.getOutputStream0(HttpURLConnection.java:1430)
	at java.base/sun.net.www.protocol.http.HttpURLConnection.getOutputStream(HttpURLConnection.java:1401)
	at java.base/sun.net.www.protocol.https.HttpsURLConnectionImpl.getOutputStream(HttpsURLConnectionImpl.java:220)
	at com.google.api.client.http.javanet.NetHttpRequest.execute(NetHttpRequest.java:113)
	at com.google.api.client.http.javanet.NetHttpRequest.execute(NetHttpRequest.java:84)
	at com.google.api.client.http.HttpRequest.execute(HttpRequest.java:1012)
	at com.infineon.aurix.buildsystem.analytics.AnalyticsService$AnalyticsSubmitJob.run(AnalyticsService.java:193)
	at org.eclipse.core.internal.jobs.Worker.run(Worker.java:63)
Caused by: sun.security.validator.ValidatorException: PKIX path building failed: sun.security.provider.certpath.SunCertPathBuilderException: unable to find valid certification path to requested target
	at java.base/sun.security.validator.PKIXValidator.doBuild(PKIXValidator.java:439)
	at java.base/sun.security.validator.PKIXValidator.engineValidate(PKIXValidator.java:306)
	at java.base/sun.security.validator.Validator.validate(Validator.java:264)
	at java.base/sun.security.ssl.X509TrustManagerImpl.checkTrusted(X509TrustManagerImpl.java:231)
	at java.base/sun.security.ssl.X509TrustManagerImpl.checkServerTrusted(X509TrustManagerImpl.java:132)
	at java.base/sun.security.ssl.CertificateMessage$T13CertificateConsumer.checkServerCerts(CertificateMessage.java:1341)
	... 21 more
Caused by: sun.security.provider.certpath.SunCertPathBuilderException: unable to find valid certification path to requested target
	at java.base/sun.security.provider.certpath.SunCertPathBuilder.build(SunCertPathBuilder.java:141)
	at java.base/sun.security.provider.certpath.SunCertPathBuilder.engineBuild(SunCertPathBuilder.java:126)
	at java.base/java.security.cert.CertPathBuilder.build(CertPathBuilder.java:297)
	at java.base/sun.security.validator.PKIXValidator.doBuild(PKIXValidator.java:434)
	... 26 more

!ENTRY com.infineon.aurix.buildsystem.oneeye 2 0 2025-12-15 21:41:41.288
!MESSAGE OneEye program D:\Aurix\2.56.0.202303101530\startOneEye.batdoesn't exist, or is not executable

!ENTRY com.infineon.aurix.buildsystem.oneeye 2 0 2025-12-15 21:41:41.484
!MESSAGE OneEye program D:\Aurix\2.56.0.202303101530\startOneEye.batdoesn't exist, or is not executable

!ENTRY com.infineon.aurix.buildsystem.oneeye 2 0 2025-12-15 21:41:41.871
!MESSAGE OneEye program D:\Aurix\2.56.0.202303101530\startOneEye.batdoesn't exist, or is not executable

!ENTRY com.infineon.aurix.buildsystem.oneeye 2 0 2025-12-15 22:06:35.529
!MESSAGE OneEye program D:\Aurix\2.56.0.202303101530\startOneEye.batdoesn't exist, or is not executable

!ENTRY com.infineon.aurix.buildsystem.oneeye 2 0 2025-12-15 22:06:35.668
!MESSAGE OneEye program D:\Aurix\2.56.0.202303101530\startOneEye.batdoesn't exist, or is not executable

!ENTRY com.infineon.aurix.buildsystem.oneeye 2 0 2025-12-15 22:06:37.230
!MESSAGE OneEye program D:\Aurix\2.56.0.202303101530\startOneEye.batdoesn't exist, or is not executable

!ENTRY com.infineon.aurix.buildsystem.oneeye 2 0 2025-12-15 22:06:37.441
!MESSAGE OneEye program D:\Aurix\2.56.0.202303101530\startOneEye.batdoesn't exist, or is not executable

!ENTRY com.infineon.aurix.buildsystem.oneeye 2 0 2025-12-15 22:06:37.554
!MESSAGE OneEye program D:\Aurix\2.56.0.202303101530\startOneEye.batdoesn't exist, or is not executable

!ENTRY com.infineon.aurix.buildsystem.oneeye 2 0 2025-12-15 22:06:37.659
!MESSAGE OneEye program D:\Aurix\2.56.0.202303101530\startOneEye.batdoesn't exist, or is not executable
